#
# A fatal error has been detected by the Java Runtime Environment:
#
#  SIGSEGV (0xb) at pc=0x00007f770f4fe038, pid=25506, tid=140149401032512
#
# JRE version: Java(TM) SE Runtime Environment (8.0_25-b17) (build 1.8.0_25-b17)
# Java VM: Java HotSpot(TM) 64-Bit Server VM (25.25-b02 mixed mode linux-amd64 compressed oops)
# Problematic frame:
# V  [libjvm.so+0x664038]  JavaCalls::call_helper(JavaValue*, methodHandle*, JavaCallArguments*, Thread*)+0x1008
#
# Failed to write core dump. Core dumps have been disabled. To enable core dumping, try "ulimit -c unlimited" before starting Java again
#
# If you would like to submit a bug report, please visit:
#   http://bugreport.sun.com/bugreport/crash.jsp
#

---------------  T H R E A D  ---------------

Current thread (0x000000000164a800):  JavaThread "main" [_thread_in_Java, id=25506, stack(0x00007fffd04e8000,0x00007fffd05e8000)]

siginfo: si_signo: 11 (SIGSEGV), si_code: 128 (SI_KERNEL), si_addr: 0x0000000000000000

Registers:
RAX=0x000000000164b340, RBX=0x00007fffd05e4b60, RCX=0x0000000000000000, RDX=0x000000000000000b
RSP=0x00007fffd05e4b30, RBP=0x00007fffd05e4c90, RSI=0x7ff8000000000000, RDI=0x000000000000000c
R8 =0x000000000164b7f0, R9 =0x0000000000000004, R10=0x00007f76ff84445f, R11=0x0000000000017101
R12=0x000000000000000d, R13=0x00007fffd05e4ba0, R14=0x000000000164a800, R15=0x000000000164b710
RIP=0x00007f770f4fe038, EFLAGS=0x0000000000010206, CSGSFS=0x0000000000000033, ERR=0x0000000000000000
  TRAPNO=0x000000000000000d

Top of Stack: (sp=0x00007fffd05e4b30)
0x00007fffd05e4b30:   00000000015e0ec0 0000000001626310
0x00007fffd05e4b40:   00007fffd05e4d00 00007fffd05e4ea0
0x00007fffd05e4b50:   00007f76ff854920 00007fff0000000a
0x00007fffd05e4b60:   000000000164a800 0000000001872910
0x00007fffd05e4b70:   00007f76ff084938 00000000f8266438
0x00007fffd05e4b80:   0000000000000000 0000000000000000
0x00007fffd05e4b90:   0000000000000000 00007fffd05e4ea0
0x00007fffd05e4ba0:   000000000164a800 000000000164b6c0
0x00007fffd05e4bb0:   000000000164b700 000000000164b718
0x00007fffd05e4bc0:   000000000164b7e8 00000000000000d8
0x00007fffd05e4bd0:   000000000164b920 00002f7973d04121
0x00007fffd05e4be0:   00007f76ff084938 000000000164a800
0x00007fffd05e4bf0:   00000c5262f1f001 0000000800000000
0x00007fffd05e4c00:   00007f76ff084938 000000000164a800
0x00007fffd05e4c10:   00000c5262f1dff1 00007fffd05e4c50
0x00007fffd05e4c20:   00007fffd05e4c40 00007f770f835b61
0x00007fffd05e4c30:   00007f76ff084938 000000000164a800
0x00007fffd05e4c40:   00007fffd05e4c90 00007f770f70deef
0x00007fffd05e4c50:   00007f76ff084938 000000000164a800
0x00007fffd05e4c60:   00007fffd05e4c90 000000000164b7f0
0x00007fffd05e4c70:   000000000000000d 00007f76ff084938
0x00007fffd05e4c80:   000000000164a2d0 000000000164a800
0x00007fffd05e4c90:   00007fffd05e4e20 00007f770f54405b
0x00007fffd05e4ca0:   000000000162c4d8 00007f771322f5ce
0x00007fffd05e4cb0:   00007fffd05e4d00 00007fffd05e4d80
0x00007fffd05e4cc0:   00007fffd05e4e50 00007fffd05e4ea0
0x00007fffd05e4cd0:   000000000164a9e8 00007f770f55cd90
0x00007fffd05e4ce0:   000000000164b2d0 000000000164b2e0
0x00007fffd05e4cf0:   000000000164b6b8 00000000000003d8
0x00007fffd05e4d00:   0000000001631ce0 00007f770fe206e0
0x00007fffd05e4d10:   00007f770fe20560 00007f770fe204a0
0x00007fffd05e4d20:   0000000500000000 00000001000000a2 

Instructions: (pc=0x00007f770f4fe038)
0x00007f770f4fe018:   48 8b 41 60 80 3c 10 00 74 23 48 8d 04 d5 00 00
0x00007f770f4fe028:   00 00 48 03 41 58 31 c9 48 8b 30 48 85 f6 74 03
0x00007f770f4fe038:   48 8b 0e 48 89 08 48 8b 8d b0 fe ff ff 8d 42 01
0x00007f770f4fe048:   48 83 c2 01 39 41 68 7f c7 48 8b 85 b0 fe ff ff 

Register to memory mapping:

RAX=0x000000000164b340 is an unknown value
RBX=0x00007fffd05e4b60 is pointing into the stack for thread: 0x000000000164a800
RCX=0x0000000000000000 is an unknown value
RDX=0x000000000000000b is an unknown value
RSP=0x00007fffd05e4b30 is pointing into the stack for thread: 0x000000000164a800
RBP=0x00007fffd05e4c90 is pointing into the stack for thread: 0x000000000164a800
RSI=0x7ff8000000000000 is an unknown value
RDI=0x000000000000000c is an unknown value
R8 =0x000000000164b7f0 is an unknown value
R9 =0x0000000000000004 is an unknown value
R10=0x00007f76ff84445f is at begin+0 in a stub
StubRoutines::call_stub [0x00007f76ff84445f, 0x00007f76ff844547[ (232 bytes)
R11=0x0000000000017101 is an unknown value
R12=0x000000000000000d is an unknown value
R13=0x00007fffd05e4ba0 is pointing into the stack for thread: 0x000000000164a800
R14=0x000000000164a800 is a thread
R15=0x000000000164b710 is an unknown value


Stack: [0x00007fffd04e8000,0x00007fffd05e8000],  sp=0x00007fffd05e4b30,  free space=1010k
Native frames: (J=compiled Java code, j=interpreted, Vv=VM code, C=native code)
V  [libjvm.so+0x664038]  JavaCalls::call_helper(JavaValue*, methodHandle*, JavaCallArguments*, Thread*)+0x1008
V  [libjvm.so+0x6aa05b]  jni_invoke_nonstatic(JNIEnv_*, JavaValue*, _jobject*, JNICallType, _jmethodID*, JNI_ArgumentPusher*, Thread*)+0x41b
V  [libjvm.so+0x6bfe2b]  jni_NewObjectA+0x2ab
C  [java.node+0xa844]  JNIEnv_::NewObjectA(_jclass*, _jmethodID*, jvalue const*)+0x38
C  [java.node+0x8476]  java::vm::newInstance(v8::FunctionCallbackInfo<v8::Value> const&)+0x950
C  [node+0x3ffab2]  v8::internal::FunctionCallbackArguments::Call(void (*)(v8::FunctionCallbackInfo<v8::Value> const&))+0x92
C  [node+0x427133]
C  0x00000c5262f060bb
C  0x00000c5262fe04b1
C  0x00000c5262f1ea55
C  0x00000c5262fb3c7d
C  0x00000c5262f24bc6
C  0x00000c5262fb2a0d
C  0x00000c5262facf21
C  0x00000c5262fa9633
C  0x00000c5262f9fc50
C  0x00000c5262f9f50e
C  0x00000c5262f6a45c
C  0x00000c5262f68ddd
C  0x00000c5262f1f0c0
C  0x00000c5262f1dff1
C  [node+0x536363]  v8::internal::Execution::Call(v8::internal::Isolate*, v8::internal::Handle<v8::internal::Object>, v8::internal::Handle<v8::internal::Object>, int, v8::internal::Handle<v8::internal::Object>*, bool)+0x153
C  [node+0x3f9aa1]  v8::Function::Call(v8::Handle<v8::Value>, int, v8::Handle<v8::Value>*)+0xc1
C  [node+0x884216]  node::LoadEnvironment(node::Environment*)+0x1c6
C  [node+0x885896]  node::Start(int, char**)+0x336
C  [libc.so.6+0x21b45]  __libc_start_main+0xf5


---------------  P R O C E S S  ---------------

Java Threads: ( => current thread )
  0x00000000018b0800 JavaThread "Service Thread" daemon [_thread_blocked, id=25517, stack(0x00007f76fe17c000,0x00007f76fe27d000)]
  0x00000000018ab800 JavaThread "C1 CompilerThread1" daemon [_thread_blocked, id=25516, stack(0x00007f76fe27d000,0x00007f76fe37e000)]
  0x00000000018a9000 JavaThread "C2 CompilerThread0" daemon [_thread_blocked, id=25515, stack(0x00007f76fe37e000,0x00007f76fe47f000)]
  0x00000000018a7000 JavaThread "Signal Dispatcher" daemon [_thread_blocked, id=25514, stack(0x00007f76fe47f000,0x00007f76fe580000)]
  0x000000000187a800 JavaThread "Finalizer" daemon [_thread_blocked, id=25513, stack(0x00007f76fe8ac000,0x00007f76fe9ad000)]
  0x0000000001878000 JavaThread "Reference Handler" daemon [_thread_blocked, id=25512, stack(0x00007f76fe9ad000,0x00007f76feaae000)]
=>0x000000000164a800 JavaThread "main" [_thread_in_Java, id=25506, stack(0x00007fffd04e8000,0x00007fffd05e8000)]

Other Threads:
  0x0000000001871000 VMThread [stack: 0x00007f771328f000,0x00007f7713390000] [id=25511]
  0x00000000018b6000 WatcherThread [stack: 0x00007f76fe07b000,0x00007f76fe17c000] [id=25518]

VM state:not at safepoint (normal execution)

VM Mutex/Monitor currently owned by a thread: None

Heap:
 def new generation   total 2432K, used 482K [0x00000000f8200000, 0x00000000f84a0000, 0x00000000fac00000)
  eden space 2176K,  22% used [0x00000000f8200000, 0x00000000f8278978, 0x00000000f8420000)
  from space 256K,   0% used [0x00000000f8420000, 0x00000000f8420000, 0x00000000f8460000)
  to   space 256K,   0% used [0x00000000f8460000, 0x00000000f8460000, 0x00000000f84a0000)
 tenured generation   total 5504K, used 0K [0x00000000fac00000, 0x00000000fb160000, 0x0000000100000000)
   the space 5504K,   0% used [0x00000000fac00000, 0x00000000fac00000, 0x00000000fac00200, 0x00000000fb160000)
 Metaspace       used 2392K, capacity 4490K, committed 4864K, reserved 1056768K
  class space    used 257K, capacity 386K, committed 512K, reserved 1048576K

Card table byte_map: [0x00007f77133bb000,0x00007f77133fb000] byte_map_base: 0x00007f7712bfa000

Polling page: 0x00007f7713443000

CodeCache: size=245760Kb used=1069Kb max_used=1069Kb free=244690Kb
 bounds [0x00007f76ff844000, 0x00007f76ffab4000, 0x00007f770e844000]
 total_blobs=230 nmethods=9 adapters=138
 compilation: enabled

Compilation events (10 events):
Event: 0.067 Thread 0x00000000018ab800    4       3       java.lang.String::indexOf (70 bytes)
Event: 0.068 Thread 0x00000000018ab800 nmethod 4 0x00007f76ff94be50 code [0x00007f76ff94bfe0, 0x00007f76ff94c360]
Event: 0.068 Thread 0x00000000018ab800    5       3       java.lang.Object::<init> (1 bytes)
Event: 0.068 Thread 0x00000000018ab800 nmethod 5 0x00007f76ff94bb10 code [0x00007f76ff94bc80, 0x00007f76ff94bdd0]
Event: 0.068 Thread 0x00000000018ab800    7       3       java.lang.Math::min (11 bytes)
Event: 0.068 Thread 0x00000000018ab800 nmethod 7 0x00007f76ff94b790 code [0x00007f76ff94b900, 0x00007f76ff94ba90]
Event: 0.068 Thread 0x00000000018ab800    8       3       java.lang.String::length (6 bytes)
Event: 0.068 Thread 0x00000000018ab800 nmethod 8 0x00007f76ff94b410 code [0x00007f76ff94b580, 0x00007f76ff94b6d0]
Event: 0.072 Thread 0x00000000018ab800    9       3       java.util.Arrays::copyOfRange (63 bytes)
Event: 0.073 Thread 0x00000000018ab800 nmethod 9 0x00007f76ff94e390 code [0x00007f76ff94e5a0, 0x00007f76ff94f068]

GC Heap History (0 events):
No events

Deoptimization events (0 events):
No events

Internal exceptions (3 events):
Event: 0.025 Thread 0x000000000164a800 Exception <a 'java/lang/NoSuchMethodError': Method sun.misc.Unsafe.defineClass(Ljava/lang/String;[BII)Ljava/lang/Class; name or signature does not match> (0x00000000f8211c80) thrown at [/HUDSON/workspace/8-2-build-linux-amd64/jdk8u25/1514/hotspot/src/shar
Event: 0.025 Thread 0x000000000164a800 Exception <a 'java/lang/NoSuchMethodError': Method sun.misc.Unsafe.prefetchRead(Ljava/lang/Object;J)V name or signature does not match> (0x00000000f8211f10) thrown at [/HUDSON/workspace/8-2-build-linux-amd64/jdk8u25/1514/hotspot/src/share/vm/prims/jni.cpp
Event: 0.067 Thread 0x000000000164a800 Exception <a 'java/security/PrivilegedActionException'> (0x00000000f825f290) thrown at [/HUDSON/workspace/8-2-build-linux-amd64/jdk8u25/1514/hotspot/src/share/vm/prims/jvm.cpp, line 1312]

Events (10 events):
Event: 0.071 loading class java/io/FilePermission$1
Event: 0.071 loading class java/io/FilePermission$1 done
Event: 0.072 loading class java/io/FilePermissionCollection
Event: 0.072 loading class java/io/FilePermissionCollection done
Event: 0.073 loading class java/security/AllPermission
Event: 0.073 loading class java/security/AllPermission done
Event: 0.073 loading class java/security/UnresolvedPermission
Event: 0.073 loading class java/security/UnresolvedPermission done
Event: 0.073 loading class java/security/BasicPermissionCollection
Event: 0.073 loading class java/security/BasicPermissionCollection done


Dynamic libraries:
00400000-01068000 r-xp 00000000 ca:01 282                                /usr/local/bin/iojs
01268000-01280000 rw-p 00c68000 ca:01 282                                /usr/local/bin/iojs
01280000-0128c000 rw-p 00000000 00:00 0 
015dd000-018dd000 rw-p 00000000 00:00 0                                  [heap]
f8200000-f84a0000 rw-p 00000000 00:00 0 
f84a0000-fac00000 ---p 00000000 00:00 0 
fac00000-fb160000 rw-p 00000000 00:00 0 
fb160000-100000000 ---p 00000000 00:00 0 
100000000-100080000 rw-p 00000000 00:00 0 
100080000-140000000 ---p 00000000 00:00 0 
7d6f1400000-7d6f1500000 rw-p 00000000 00:00 0 
914f010a000-914f010b000 r-xp 00000000 00:00 0 
c5262ad4000-c5262c00000 ---p 00000000 00:00 0 
c5262c00000-c5262c05000 rw-p 00000000 00:00 0 
c5262c05000-c5262c06000 ---p 00000000 00:00 0 
c5262c06000-c5262c07000 rwxp 00000000 00:00 0 
c5262c07000-c5262d00000 ---p 00000000 00:00 0 
c5262d00000-c5262d05000 rw-p 00000000 00:00 0 
c5262d05000-c5262d06000 ---p 00000000 00:00 0 
c5262d06000-c5262d07000 rwxp 00000000 00:00 0 
c5262d07000-c5262e00000 ---p 00000000 00:00 0 
c5262e00000-c5262e05000 rw-p 00000000 00:00 0 
c5262e05000-c5262e06000 ---p 00000000 00:00 0 
c5262e06000-c5262e07000 rwxp 00000000 00:00 0 
c5262e07000-c5262f00000 ---p 00000000 00:00 0 
c5262f00000-c5262f05000 rw-p 00000000 00:00 0 
c5262f05000-c5262f06000 ---p 00000000 00:00 0 
c5262f06000-c5262fff000 rwxp 00000000 00:00 0 
c5262fff000-c5282ad4000 ---p 00000000 00:00 0 
ec606000000-ec606200000 rw-p 00000000 00:00 0 
ec606200000-ec607000000 ---p 00000000 00:00 0 
ec607000000-ec607200000 rw-p 00000000 00:00 0 
ec607200000-ec608000000 ---p 00000000 00:00 0 
135763b00000-135763c00000 rw-p 00000000 00:00 0 
17f019900000-17f019925000 rw-p 00000000 00:00 0 
23423d400000-23423d435000 rw-p 00000000 00:00 0 
295b1c900000-295b1ca00000 rw-p 00000000 00:00 0 
2f7973d00000-2f7973e00000 rw-p 00000000 00:00 0 
3157f8500000-3157f8525000 rw-p 00000000 00:00 0 
3328f3b00000-3328f3b15000 rw-p 00000000 00:00 0 
3d3b731e8000-3d3b73200000 ---p 00000000 00:00 0 
3d3b73200000-3d3b73220000 rw-p 00000000 00:00 0 
3d3b73220000-3d3b73248000 ---p 00000000 00:00 0 
3d701e338000-3d701e348000 rw-p 00000000 00:00 0 
3d701e348000-3d701e538000 ---p 00000000 00:00 0 
7f76d8000000-7f76d8021000 rw-p 00000000 00:00 0 
7f76d8021000-7f76dc000000 ---p 00000000 00:00 0 
7f76e0000000-7f76e0021000 rw-p 00000000 00:00 0 
7f76e0021000-7f76e4000000 ---p 00000000 00:00 0 
7f76e4000000-7f76e4021000 rw-p 00000000 00:00 0 
7f76e4021000-7f76e8000000 ---p 00000000 00:00 0 
7f76e8000000-7f76e8021000 rw-p 00000000 00:00 0 
7f76e8021000-7f76ec000000 ---p 00000000 00:00 0 
7f76ec000000-7f76ec046000 rw-p 00000000 00:00 0 
7f76ec046000-7f76f0000000 ---p 00000000 00:00 0 
7f76f0000000-7f76f0021000 rw-p 00000000 00:00 0 
7f76f0021000-7f76f4000000 ---p 00000000 00:00 0 
7f76f4000000-7f76f4021000 rw-p 00000000 00:00 0 
7f76f4021000-7f76f8000000 ---p 00000000 00:00 0 
7f76f8000000-7f76f8021000 rw-p 00000000 00:00 0 
7f76f8021000-7f76fc000000 ---p 00000000 00:00 0 
7f76fde06000-7f76fe07b000 rw-p 00000000 00:00 0 
7f76fe07b000-7f76fe07c000 ---p 00000000 00:00 0 
7f76fe07c000-7f76fe17c000 rw-p 00000000 00:00 0                          [stack:25518]
7f76fe17c000-7f76fe17f000 ---p 00000000 00:00 0 
7f76fe17f000-7f76fe27d000 rw-p 00000000 00:00 0                          [stack:25517]
7f76fe27d000-7f76fe280000 ---p 00000000 00:00 0 
7f76fe280000-7f76fe37e000 rw-p 00000000 00:00 0                          [stack:25516]
7f76fe37e000-7f76fe381000 ---p 00000000 00:00 0 
7f76fe381000-7f76fe47f000 rw-p 00000000 00:00 0                          [stack:25515]
7f76fe47f000-7f76fe482000 ---p 00000000 00:00 0 
7f76fe482000-7f76fe580000 rw-p 00000000 00:00 0                          [stack:25514]
7f76fe580000-7f76fe8ac000 r--p 00000000 ca:01 1294380                    /usr/lib/locale/locale-archive
7f76fe8ac000-7f76fe8af000 ---p 00000000 00:00 0 
7f76fe8af000-7f76fe9ad000 rw-p 00000000 00:00 0                          [stack:25513]
7f76fe9ad000-7f76fe9b0000 ---p 00000000 00:00 0 
7f76fe9b0000-7f76feaae000 rw-p 00000000 00:00 0                          [stack:25512]
7f76feaae000-7f76fec84000 r--s 03caa000 ca:01 232095                     /usr/share/java/jdk1.8.0_25/jre/lib/rt.jar
7f76fec84000-7f76ff0c4000 rw-p 00000000 00:00 0 
7f76ff0c4000-7f76ff484000 ---p 00000000 00:00 0 
7f76ff484000-7f76ff48e000 rw-p 00000000 00:00 0 
7f76ff48e000-7f76ff844000 ---p 00000000 00:00 0 
7f76ff844000-7f76ffab4000 rwxp 00000000 00:00 0 
7f76ffab4000-7f770e844000 ---p 00000000 00:00 0 
7f770e844000-7f770e85e000 r-xp 00000000 ca:01 237674                     /usr/share/java/jdk1.8.0_25/jre/lib/amd64/libzip.so
7f770e85e000-7f770ea5e000 ---p 0001a000 ca:01 237674                     /usr/share/java/jdk1.8.0_25/jre/lib/amd64/libzip.so
7f770ea5e000-7f770ea5f000 rw-p 0001a000 ca:01 237674                     /usr/share/java/jdk1.8.0_25/jre/lib/amd64/libzip.so
7f770ea5f000-7f770ea89000 r-xp 00000000 ca:01 237653                     /usr/share/java/jdk1.8.0_25/jre/lib/amd64/libjava.so
7f770ea89000-7f770ec89000 ---p 0002a000 ca:01 237653                     /usr/share/java/jdk1.8.0_25/jre/lib/amd64/libjava.so
7f770ec89000-7f770ec8b000 rw-p 0002a000 ca:01 237653                     /usr/share/java/jdk1.8.0_25/jre/lib/amd64/libjava.so
7f770ec8b000-7f770ec98000 r-xp 00000000 ca:01 237668                     /usr/share/java/jdk1.8.0_25/jre/lib/amd64/libverify.so
7f770ec98000-7f770ee98000 ---p 0000d000 ca:01 237668                     /usr/share/java/jdk1.8.0_25/jre/lib/amd64/libverify.so
7f770ee98000-7f770ee9a000 rw-p 0000d000 ca:01 237668                     /usr/share/java/jdk1.8.0_25/jre/lib/amd64/libverify.so
7f770ee9a000-7f770fb07000 r-xp 00000000 ca:01 237690                     /usr/share/java/jdk1.8.0_25/jre/lib/amd64/server/libjvm.so
7f770fb07000-7f770fd06000 ---p 00c6d000 ca:01 237690                     /usr/share/java/jdk1.8.0_25/jre/lib/amd64/server/libjvm.so
7f770fd06000-7f770fddc000 rw-p 00c6c000 ca:01 237690                     /usr/share/java/jdk1.8.0_25/jre/lib/amd64/server/libjvm.so
7f770fddc000-7f770fe1f000 rw-p 00000000 00:00 0 
7f770fe1f000-7f770fe2e000 r-xp 00000000 ca:01 1279941                    /home/kyriosli/node-java/java.node
7f770fe2e000-7f771002d000 ---p 0000f000 ca:01 1279941                    /home/kyriosli/node-java/java.node
7f771002d000-7f771002e000 rw-p 0000e000 ca:01 1279941                    /home/kyriosli/node-java/java.node
7f771002e000-7f771002f000 ---p 00000000 00:00 0 
7f771002f000-7f771082f000 rw-p 00000000 00:00 0                          [stack:25510]
7f771082f000-7f7710830000 ---p 00000000 00:00 0 
7f7710830000-7f7711030000 rw-p 00000000 00:00 0                          [stack:25509]
7f7711030000-7f7711031000 ---p 00000000 00:00 0 
7f7711031000-7f7711831000 rw-p 00000000 00:00 0                          [stack:25508]
7f7711831000-7f7711832000 ---p 00000000 00:00 0 
7f7711832000-7f7712032000 rw-p 00000000 00:00 0                          [stack:25507]
7f7712032000-7f77121d1000 r-xp 00000000 ca:01 311400                     /lib/x86_64-linux-gnu/libc-2.19.so
7f77121d1000-7f77123d1000 ---p 0019f000 ca:01 311400                     /lib/x86_64-linux-gnu/libc-2.19.so
7f77123d1000-7f77123d5000 r--p 0019f000 ca:01 311400                     /lib/x86_64-linux-gnu/libc-2.19.so
7f77123d5000-7f77123d7000 rw-p 001a3000 ca:01 311400                     /lib/x86_64-linux-gnu/libc-2.19.so
7f77123d7000-7f77123db000 rw-p 00000000 00:00 0 
7f77123db000-7f77123f3000 r-xp 00000000 ca:01 311387                     /lib/x86_64-linux-gnu/libpthread-2.19.so
7f77123f3000-7f77125f2000 ---p 00018000 ca:01 311387                     /lib/x86_64-linux-gnu/libpthread-2.19.so
7f77125f2000-7f77125f3000 r--p 00017000 ca:01 311387                     /lib/x86_64-linux-gnu/libpthread-2.19.so
7f77125f3000-7f77125f4000 rw-p 00018000 ca:01 311387                     /lib/x86_64-linux-gnu/libpthread-2.19.so
7f77125f4000-7f77125f8000 rw-p 00000000 00:00 0 
7f77125f8000-7f771260e000 r-xp 00000000 ca:01 311310                     /lib/x86_64-linux-gnu/libgcc_s.so.1
7f771260e000-7f771280d000 ---p 00016000 ca:01 311310                     /lib/x86_64-linux-gnu/libgcc_s.so.1
7f771280d000-7f771280e000 rw-p 00015000 ca:01 311310                     /lib/x86_64-linux-gnu/libgcc_s.so.1
7f771280e000-7f771290e000 r-xp 00000000 ca:01 311399                     /lib/x86_64-linux-gnu/libm-2.19.so
7f771290e000-7f7712b0d000 ---p 00100000 ca:01 311399                     /lib/x86_64-linux-gnu/libm-2.19.so
7f7712b0d000-7f7712b0e000 r--p 000ff000 ca:01 311399                     /lib/x86_64-linux-gnu/libm-2.19.so
7f7712b0e000-7f7712b0f000 rw-p 00100000 ca:01 311399                     /lib/x86_64-linux-gnu/libm-2.19.so
7f7712b0f000-7f7712bfb000 r-xp 00000000 ca:01 65561                      /usr/lib/x86_64-linux-gnu/libstdc++.so.6.0.20
7f7712bfb000-7f7712dfb000 ---p 000ec000 ca:01 65561                      /usr/lib/x86_64-linux-gnu/libstdc++.so.6.0.20
7f7712dfb000-7f7712e03000 r--p 000ec000 ca:01 65561                      /usr/lib/x86_64-linux-gnu/libstdc++.so.6.0.20
7f7712e03000-7f7712e05000 rw-p 000f4000 ca:01 65561                      /usr/lib/x86_64-linux-gnu/libstdc++.so.6.0.20
7f7712e05000-7f7712e1a000 rw-p 00000000 00:00 0 
7f7712e1a000-7f7712e1d000 r-xp 00000000 ca:01 311370                     /lib/x86_64-linux-gnu/libdl-2.19.so
7f7712e1d000-7f771301c000 ---p 00003000 ca:01 311370                     /lib/x86_64-linux-gnu/libdl-2.19.so
7f771301c000-7f771301d000 r--p 00002000 ca:01 311370                     /lib/x86_64-linux-gnu/libdl-2.19.so
7f771301d000-7f771301e000 rw-p 00003000 ca:01 311370                     /lib/x86_64-linux-gnu/libdl-2.19.so
7f771301e000-7f7713025000 r-xp 00000000 ca:01 311388                     /lib/x86_64-linux-gnu/librt-2.19.so
7f7713025000-7f7713224000 ---p 00007000 ca:01 311388                     /lib/x86_64-linux-gnu/librt-2.19.so
7f7713224000-7f7713225000 r--p 00006000 ca:01 311388                     /lib/x86_64-linux-gnu/librt-2.19.so
7f7713225000-7f7713226000 rw-p 00007000 ca:01 311388                     /lib/x86_64-linux-gnu/librt-2.19.so
7f7713226000-7f7713246000 r-xp 00000000 ca:01 311352                     /lib/x86_64-linux-gnu/ld-2.19.so
7f771328f000-7f7713290000 ---p 00000000 00:00 0 
7f7713290000-7f7713393000 rw-p 00000000 00:00 0                          [stack:25511]
7f7713393000-7f77133bb000 ---p 00000000 00:00 0 
7f77133bb000-7f77133bd000 rw-p 00000000 00:00 0 
7f77133bd000-7f77133d0000 ---p 00000000 00:00 0 
7f77133d0000-7f77133d3000 rw-p 00000000 00:00 0 
7f77133d3000-7f77133fa000 ---p 00000000 00:00 0 
7f77133fa000-7f77133fb000 rw-p 00000000 00:00 0 
7f77133fb000-7f7713403000 rw-s 00000000 ca:01 90162                      /tmp/hsperfdata_kyriosli/25506
7f7713403000-7f7713438000 r--s 00000000 ca:01 1032364                    /var/cache/nscd/passwd
7f7713438000-7f771343e000 rw-p 00000000 00:00 0 
7f7713441000-7f7713443000 rw-p 00000000 00:00 0 
7f7713443000-7f7713444000 r--p 00000000 00:00 0 
7f7713444000-7f7713446000 rw-p 00000000 00:00 0 
7f7713446000-7f7713447000 r--p 00020000 ca:01 311352                     /lib/x86_64-linux-gnu/ld-2.19.so
7f7713447000-7f7713448000 rw-p 00021000 ca:01 311352                     /lib/x86_64-linux-gnu/ld-2.19.so
7f7713448000-7f7713449000 rw-p 00000000 00:00 0 
7fffd04e8000-7fffd04eb000 ---p 00000000 00:00 0 
7fffd04ec000-7fffd05e8000 rw-p 00000000 00:00 0                          [stack]
7fffd05ea000-7fffd05ec000 r-xp 00000000 00:00 0                          [vdso]
7fffd05ec000-7fffd05ee000 r--p 00000000 00:00 0                          [vvar]
ffffffffff600000-ffffffffff601000 r-xp 00000000 00:00 0                  [vsyscall]

VM Arguments:
java_command: <unknown>
java_class_path (initial): <not set>
Launcher Type: generic

Environment Variables:
JAVA_HOME=/usr/share/java/default-jdk
PATH=/usr/local/bin:/usr/bin:/bin:/usr/local/games:/usr/games:/usr/share/java/default-jdk/bin
SHELL=/bin/bash

Signal Handlers:
SIGSEGV: [libjvm.so+0xa79a80], sa_mask[0]=11111111011111111101111111111110, sa_flags=SA_RESTART|SA_SIGINFO
SIGBUS: [libjvm.so+0xa79a80], sa_mask[0]=11111111011111111101111111111110, sa_flags=SA_RESTART|SA_SIGINFO
SIGFPE: [libjvm.so+0x8e24e0], sa_mask[0]=11111111011111111101111111111110, sa_flags=SA_RESTART|SA_SIGINFO
SIGPIPE: [libjvm.so+0x8e24e0], sa_mask[0]=11111111011111111101111111111110, sa_flags=SA_RESTART|SA_SIGINFO
SIGXFSZ: [libjvm.so+0x8e24e0], sa_mask[0]=11111111011111111101111111111110, sa_flags=SA_RESTART|SA_SIGINFO
SIGILL: [libjvm.so+0x8e24e0], sa_mask[0]=11111111011111111101111111111110, sa_flags=SA_RESTART|SA_SIGINFO
SIGUSR1: [+0x87b580], sa_mask[0]=11111111011111111101111111111110, sa_flags=none
SIGUSR2: [libjvm.so+0x8e3d10], sa_mask[0]=00000000000000000000000000000000, sa_flags=SA_RESTART|SA_SIGINFO
SIGHUP: [libjvm.so+0x8e50d0], sa_mask[0]=11111111011111111101111111111110, sa_flags=SA_RESTART|SA_SIGINFO
SIGINT: [libjvm.so+0x8e50d0], sa_mask[0]=11111111011111111101111111111110, sa_flags=SA_RESTART|SA_SIGINFO
SIGTERM: [libjvm.so+0x8e50d0], sa_mask[0]=11111111011111111101111111111110, sa_flags=SA_RESTART|SA_SIGINFO
SIGQUIT: [libjvm.so+0x8e50d0], sa_mask[0]=11111111011111111101111111111110, sa_flags=SA_RESTART|SA_SIGINFO


---------------  S Y S T E M  ---------------

OS:PRETTY_NAME="Debian GNU/Linux 8 (jessie)"
NAME="Debian GNU/Linux"
VERSION_ID="8"
VERSION="8 (jessie)"
ID=debian
HOME_URL="http://www.debian.org/"
SUPPORT_URL="http://www.debian.org/support/"
BUG_REPORT_URL="https://bugs.debian.org/"

uname:Linux 3.16.0-4-amd64 #1 SMP Debian 3.16.7-ckt4-3 (2015-02-03) x86_64
libc:glibc 2.19 NPTL 2.19 
rlimit: STACK 8192k, CORE 0k, NPROC 1908, NOFILE 4096, AS infinity
load average:0.00 0.01 0.05

/proc/meminfo:
MemTotal:         504860 kB
MemFree:           17132 kB
MemAvailable:     357476 kB
Buffers:          142472 kB
Cached:           183680 kB
SwapCached:            0 kB
Active:           339624 kB
Inactive:          84260 kB
Active(anon):      97812 kB
Inactive(anon):     8892 kB
Active(file):     241812 kB
Inactive(file):    75368 kB
Unevictable:           0 kB
Mlocked:               0 kB
SwapTotal:             0 kB
SwapFree:              0 kB
Dirty:               248 kB
Writeback:             0 kB
AnonPages:         97772 kB
Mapped:            81072 kB
Shmem:              8932 kB
Slab:              44404 kB
SReclaimable:      33760 kB
SUnreclaim:        10644 kB
KernelStack:        2528 kB
PageTables:         5064 kB
NFS_Unstable:          0 kB
Bounce:                0 kB
WritebackTmp:          0 kB
CommitLimit:      252428 kB
Committed_AS:     852992 kB
VmallocTotal:   34359738367 kB
VmallocUsed:        3624 kB
VmallocChunk:   34359733259 kB
HardwareCorrupted:     0 kB
AnonHugePages:         0 kB
HugePages_Total:       0
HugePages_Free:        0
HugePages_Rsvd:        0
HugePages_Surp:        0
Hugepagesize:       2048 kB
DirectMap4k:       51200 kB
DirectMap2M:      604160 kB


CPU:total 1 (32 cores per cpu, 2 threads per core) family 6 model 45 stepping 7, cmov, cx8, fxsr, mmx, sse, sse2, sse3, ssse3, sse4.1, sse4.2, popcnt, aes, ht, tsc

/proc/cpuinfo:
processor	: 0
vendor_id	: GenuineIntel
cpu family	: 6
model		: 45
model name	: Intel(R) Xeon(R) CPU E5-2630 0 @ 2.30GHz
stepping	: 7
microcode	: 0x70d
cpu MHz		: 2300.090
cache size	: 15360 KB
physical id	: 0
siblings	: 1
core id		: 0
cpu cores	: 1
apicid		: 0
initial apicid	: 0
fpu		: yes
fpu_exception	: yes
cpuid level	: 13
wp		: yes
flags		: fpu vme de pse tsc msr pae mce cx8 apic sep mtrr pge mca cmov pat clflush mmx fxsr sse sse2 ht syscall nx rdtscp lm constant_tsc rep_good nopl pni ssse3 cx16 sse4_1 sse4_2 popcnt aes hypervisor lahf_lm
bogomips	: 4600.18
clflush size	: 64
cache_alignment	: 64
address sizes	: 46 bits physical, 48 bits virtual
power management:



Memory: 4k page, physical 504860k(17132k free), swap 0k(0k free)

vm_info: Java HotSpot(TM) 64-Bit Server VM (25.25-b02) for linux-amd64 JRE (1.8.0_25-b17), built on Sep 17 2014 17:32:11 by "java_re" with gcc 4.3.0 20080428 (Red Hat 4.3.0-8)

time: Tue Mar 10 19:56:37 2015
elapsed time: 0 seconds (0d 0h 0m 0s)

