#
# A fatal error has been detected by the Java Runtime Environment:
#
#  SIGSEGV (0xb) at pc=0x00007f638bcc8efd, pid=25051, tid=140065580619584
#
# JRE version: Java(TM) SE Runtime Environment (8.0_25-b17) (build 1.8.0_25-b17)
# Java VM: Java HotSpot(TM) 64-Bit Server VM (25.25-b02 mixed mode linux-amd64 compressed oops)
# Problematic frame:
# C  [java.node+0xaefd]  JavaVM_::GetEnv(void**, int)+0x17
#
# Failed to write core dump. Core dumps have been disabled. To enable core dumping, try "ulimit -c unlimited" before starting Java again
#
# If you would like to submit a bug report, please visit:
#   http://bugreport.sun.com/bugreport/crash.jsp
# The crash happened outside the Java Virtual Machine in native code.
# See problematic frame for where to report the bug.
#

---------------  T H R E A D  ---------------

Current thread (0x0000000001e2a000):  JavaThread "main" [_thread_in_native, id=25051, stack(0x00007fffb69b7000,0x00007fffb6ab7000)]

siginfo: si_signo: 11 (SIGSEGV), si_code: 1 (SEGV_MAPERR), si_addr: 0x0000000000000000

Registers:
RAX=0x0000000000000000, RBX=0x00007fffb6ab5b60, RCX=0x00007fffb6ab5398, RDX=0x0000000000010006
RSP=0x00007fffb6ab4b30, RBP=0x00007fffb6ab4b50, RSI=0x00007fffb6ab5398, RDI=0x0000000000000000
R8 =0x00007fffb6ab5c60, R9 =0x0000000001dbfee0, R10=0x00003559db81bd29, R11=0x00003559db804181
R12=0x0000000001dbfec0, R13=0x0000000000000000, R14=0x00007f638bcc752f, R15=0x0000000000000007
RIP=0x00007f638bcc8efd, EFLAGS=0x0000000000010206, CSGSFS=0x0000000000000033, ERR=0x0000000000000004
  TRAPNO=0x000000000000000e

Top of Stack: (sp=0x00007fffb6ab4b30)
0x00007fffb6ab4b30:   00007fffb6ab5650 00010006b6ab5b60
0x00007fffb6ab4b40:   00007fffb6ab5398 0000000000000000
0x00007fffb6ab4b50:   00007fffb6ab5aa0 00007f638bcc76d8
0x00007fffb6ab4b60:   000000000000090e 00007fffb6ab5ae0
0x00007fffb6ab4b70:   00007fffb6ab4bd0 0000000000b10a36
0x00007fffb6ab4b80:   00007fffb6ab4be0 00007fffb6ab5650
0x00007fffb6ab4b90:   00000000020aef88 00007fffb6ab506f
0x00007fffb6ab4ba0:   00007fffb6ab4bc0 000009150000090e
0x00007fffb6ab4bb0:   00007fffb6ab506f 0000000000000001
0x00007fffb6ab4bc0:   00007fffb6ab4fa0 00007fffb6ab55f0
0x00007fffb6ab4bd0:   00007fffb6ab4c40 0000000000b105cd
0x00007fffb6ab4be0:   00007fffb6ab5650 0000000000000000
0x00007fffb6ab4bf0:   0000090e00000001 000000000000090e
0x00007fffb6ab4c00:   0000000000000000 0000000000001181
0x00007fffb6ab4c10:   00007fffb6ab5650 0000000000b86bca
0x00007fffb6ab4c20:   00007fffb6ab506f 00007fffb6ab5120
0x00007fffb6ab4c30:   00007fffb6ab4c50 0000000000b8c889
0x00007fffb6ab4c40:   00007fffb6ab5650 00007fffb6ab5120
0x00007fffb6ab4c50:   00007fffb6ab4c80 0000000000b92738
0x00007fffb6ab4c60:   00007fffb6ab4c90 00007fffb6ab5650
0x00007fffb6ab4c70:   00007fffb6ab506f 0000000000000907
0x00007fffb6ab4c80:   00007fffb6ab55f0 00007fffb6ab506f
0x00007fffb6ab4c90:   0000000000000907 00007fffb6ab55f0
0x00007fffb6ab4ca0:   00007fffb6ab5000 00000000008306fc
0x00007fffb6ab4cb0:   0000000000000019 00000000000001b0
0x00007fffb6ab4cc0:   0000000000000006 0000090d00000036
0x00007fffb6ab4cd0:   0000000000000000 00007f630000005b
0x00007fffb6ab4ce0:   000000d0f8034f01 00007fffb6ab55f0
0x00007fffb6ab4cf0:   00000000020af198 0000000000000000
0x00007fffb6ab4d00:   00007fffb6ab55f0 00007fffb6ab506f
0x00007fffb6ab4d10:   00007fffb6ab4d80 0000000000b0e298
0x00007fffb6ab4d20:   0000000000000000 000000000000005b 

Instructions: (pc=0x00007f638bcc8efd)
0x00007f638bcc8edd:   55 f8 48 89 d7 ff d0 c9 c3 55 48 89 e5 48 83 ec
0x00007f638bcc8eed:   20 48 89 7d f8 48 89 75 f0 89 55 ec 48 8b 45 f8
0x00007f638bcc8efd:   48 8b 00 48 8b 40 30 8b 55 ec 48 8b 75 f0 48 8b
0x00007f638bcc8f0d:   4d f8 48 89 cf ff d0 c9 c3 55 48 89 e5 48 89 7d 

Register to memory mapping:

RAX=0x0000000000000000 is an unknown value
RBX=0x00007fffb6ab5b60 is pointing into the stack for thread: 0x0000000001e2a000
RCX=0x00007fffb6ab5398 is pointing into the stack for thread: 0x0000000001e2a000
RDX=0x0000000000010006 is an unknown value
RSP=0x00007fffb6ab4b30 is pointing into the stack for thread: 0x0000000001e2a000
RBP=0x00007fffb6ab4b50 is pointing into the stack for thread: 0x0000000001e2a000
RSI=0x00007fffb6ab5398 is pointing into the stack for thread: 0x0000000001e2a000
RDI=0x0000000000000000 is an unknown value
R8 =0x00007fffb6ab5c60 is pointing into the stack for thread: 0x0000000001e2a000
R9 =0x0000000001dbfee0 is an unknown value
R10=0x00003559db81bd29 is an unknown value
R11=0x00003559db804181 is an unknown value
R12=0x0000000001dbfec0 is an unknown value
R13=0x0000000000000000 is an unknown value
R14=0x00007f638bcc752f: _ZN4java2vm6invokeERKN2v820FunctionCallbackInfoINS1_5ValueEEE+0 in /home/kyriosli/node-java/java.node at 0x00007f638bcbe000
R15=0x0000000000000007 is an unknown value


Stack: [0x00007fffb69b7000,0x00007fffb6ab7000],  sp=0x00007fffb6ab4b30,  free space=1014k
Native frames: (J=compiled Java code, j=interpreted, Vv=VM code, C=native code)
C  [java.node+0xaefd]  JavaVM_::GetEnv(void**, int)+0x17
C  [java.node+0x96d8]  java::vm::invoke(v8::FunctionCallbackInfo<v8::Value> const&)+0x1a9
C  [node+0x3ffab2]  v8::internal::FunctionCallbackArguments::Call(void (*)(v8::FunctionCallbackInfo<v8::Value> const&))+0x92
C  [node+0x427133]
C  0x000000d0f80060bb
C  0x000000d0f80e7dcb
C  0x000000d0f80e6a37
C  0x000000d0f80b3d7a
C  0x000000d0f8024bc6
C  0x000000d0f80b2a0d
C  0x000000d0f80acf21
C  0x000000d0f80a9633
C  0x000000d0f809fc50
C  0x000000d0f809f50e
C  0x000000d0f806a45c
C  0x000000d0f8068ddd
C  0x000000d0f801f0c0
C  0x000000d0f801dff1
C  [node+0x536363]  v8::internal::Execution::Call(v8::internal::Isolate*, v8::internal::Handle<v8::internal::Object>, v8::internal::Handle<v8::internal::Object>, int, v8::internal::Handle<v8::internal::Object>*, bool)+0x153
C  [node+0x3f9aa1]  v8::Function::Call(v8::Handle<v8::Value>, int, v8::Handle<v8::Value>*)+0xc1
C  [node+0x884216]  node::LoadEnvironment(node::Environment*)+0x1c6
C  [node+0x885896]  node::Start(int, char**)+0x336
C  [libc.so.6+0x21b45]  __libc_start_main+0xf5


---------------  P R O C E S S  ---------------

Java Threads: ( => current thread )
  0x0000000002090000 JavaThread "Service Thread" daemon [_thread_blocked, id=25062, stack(0x00007f637a01b000,0x00007f637a11c000)]
  0x000000000208a800 JavaThread "C1 CompilerThread1" daemon [_thread_blocked, id=25061, stack(0x00007f637a11c000,0x00007f637a21d000)]
  0x0000000002088800 JavaThread "C2 CompilerThread0" daemon [_thread_blocked, id=25060, stack(0x00007f637a21d000,0x00007f637a31e000)]
  0x0000000002086800 JavaThread "Signal Dispatcher" daemon [_thread_blocked, id=25059, stack(0x00007f637a31e000,0x00007f637a41f000)]
  0x0000000002059800 JavaThread "Finalizer" daemon [_thread_blocked, id=25058, stack(0x00007f637a74b000,0x00007f637a84c000)]
  0x0000000002057800 JavaThread "Reference Handler" daemon [_thread_blocked, id=25057, stack(0x00007f637a84c000,0x00007f637a94d000)]
=>0x0000000001e2a000 JavaThread "main" [_thread_in_native, id=25051, stack(0x00007fffb69b7000,0x00007fffb6ab7000)]

Other Threads:
  0x0000000002050800 VMThread [stack: 0x00007f638f12f000,0x00007f638f230000] [id=25056]
  0x000000000209d800 WatcherThread [stack: 0x00007f6379f1a000,0x00007f637a01b000] [id=25063]

VM state:not at safepoint (normal execution)

VM Mutex/Monitor currently owned by a thread: None

Heap:
 def new generation   total 2432K, used 482K [0x00000000f8200000, 0x00000000f84a0000, 0x00000000fac00000)
  eden space 2176K,  22% used [0x00000000f8200000, 0x00000000f82789a0, 0x00000000f8420000)
  from space 256K,   0% used [0x00000000f8420000, 0x00000000f8420000, 0x00000000f8460000)
  to   space 256K,   0% used [0x00000000f8460000, 0x00000000f8460000, 0x00000000f84a0000)
 tenured generation   total 5504K, used 0K [0x00000000fac00000, 0x00000000fb160000, 0x0000000100000000)
   the space 5504K,   0% used [0x00000000fac00000, 0x00000000fac00000, 0x00000000fac00200, 0x00000000fb160000)
 Metaspace       used 2446K, capacity 4490K, committed 4864K, reserved 1056768K
  class space    used 262K, capacity 386K, committed 512K, reserved 1048576K

Card table byte_map: [0x00007f638f25b000,0x00007f638f29b000] byte_map_base: 0x00007f638ea9a000

Polling page: 0x00007f638f2e3000

CodeCache: size=245760Kb used=1080Kb max_used=1080Kb free=244679Kb
 bounds [0x00007f637b6e3000, 0x00007f637b953000, 0x00007f638a6e3000]
 total_blobs=243 nmethods=14 adapters=146
 compilation: enabled

Compilation events (10 events):
Event: 0.082 Thread 0x000000000208a800   10       3       sun.misc.FDBigInteger::mult (64 bytes)
Event: 0.082 Thread 0x000000000208a800 nmethod 10 0x00007f637b7ef710 code [0x00007f637b7ef880, 0x00007f637b7efb10]
Event: 0.082 Thread 0x000000000208a800   11       3       sun.misc.FDBigInteger::<init> (30 bytes)
Event: 0.082 Thread 0x000000000208a800 nmethod 11 0x00007f637b7efdd0 code [0x00007f637b7eff40, 0x00007f637b7f0140]
Event: 0.082 Thread 0x000000000208a800   12       3       sun.misc.FDBigInteger::trimLeadingZeros (57 bytes)
Event: 0.083 Thread 0x000000000208a800 nmethod 12 0x00007f637b7f0250 code [0x00007f637b7f03c0, 0x00007f637b7f06f0]
Event: 0.083 Thread 0x000000000208a800   13       3       sun.misc.FDBigInteger::makeImmutable (6 bytes)
Event: 0.083 Thread 0x000000000208a800 nmethod 13 0x00007f637b7f0810 code [0x00007f637b7f0960, 0x00007f637b7f0ab0]
Event: 0.083 Thread 0x000000000208a800   14       3       sun.misc.FDBigInteger::mult (44 bytes)
Event: 0.083 Thread 0x000000000208a800 nmethod 14 0x00007f637b7f0b10 code [0x00007f637b7f0ca0, 0x00007f637b7f0fb0]

GC Heap History (0 events):
No events

Deoptimization events (0 events):
No events

Internal exceptions (3 events):
Event: 0.027 Thread 0x0000000001e2a000 Exception <a 'java/lang/NoSuchMethodError': Method sun.misc.Unsafe.defineClass(Ljava/lang/String;[BII)Ljava/lang/Class; name or signature does not match> (0x00000000f8211c80) thrown at [/HUDSON/workspace/8-2-build-linux-amd64/jdk8u25/1514/hotspot/src/shar
Event: 0.027 Thread 0x0000000001e2a000 Exception <a 'java/lang/NoSuchMethodError': Method sun.misc.Unsafe.prefetchRead(Ljava/lang/Object;J)V name or signature does not match> (0x00000000f8211f10) thrown at [/HUDSON/workspace/8-2-build-linux-amd64/jdk8u25/1514/hotspot/src/share/vm/prims/jni.cpp
Event: 0.071 Thread 0x0000000001e2a000 Exception <a 'java/security/PrivilegedActionException'> (0x00000000f8254568) thrown at [/HUDSON/workspace/8-2-build-linux-amd64/jdk8u25/1514/hotspot/src/share/vm/prims/jvm.cpp, line 1312]

Events (10 events):
Event: 0.080 loading class sun/misc/FloatingDecimal$BinaryToASCIIBuffer
Event: 0.080 loading class sun/misc/FloatingDecimal$BinaryToASCIIBuffer done
Event: 0.081 loading class sun/misc/FloatingDecimal$1
Event: 0.081 loading class sun/misc/FloatingDecimal$1 done
Event: 0.081 loading class sun/misc/FloatingDecimal$PreparedASCIIToBinaryBuffer
Event: 0.081 loading class sun/misc/FloatingDecimal$ASCIIToBinaryConverter
Event: 0.081 loading class sun/misc/FloatingDecimal$ASCIIToBinaryConverter done
Event: 0.081 loading class sun/misc/FloatingDecimal$PreparedASCIIToBinaryBuffer done
Event: 0.081 loading class sun/misc/FDBigInteger
Event: 0.081 loading class sun/misc/FDBigInteger done


Dynamic libraries:
00400000-01068000 r-xp 00000000 ca:01 282                                /usr/local/bin/iojs
01268000-01280000 rw-p 00c68000 ca:01 282                                /usr/local/bin/iojs
01280000-0128c000 rw-p 00000000 00:00 0 
01dbc000-020e0000 rw-p 00000000 00:00 0                                  [heap]
f8200000-f84a0000 rw-p 00000000 00:00 0 
f84a0000-fac00000 ---p 00000000 00:00 0 
fac00000-fb160000 rw-p 00000000 00:00 0 
fb160000-100000000 ---p 00000000 00:00 0 
100000000-100080000 rw-p 00000000 00:00 0 
100080000-140000000 ---p 00000000 00:00 0 
d0f7b65000-d0f7d00000 ---p 00000000 00:00 0 
d0f7d00000-d0f7d05000 rw-p 00000000 00:00 0 
d0f7d05000-d0f7d06000 ---p 00000000 00:00 0 
d0f7d06000-d0f7d07000 rwxp 00000000 00:00 0 
d0f7d07000-d0f7e00000 ---p 00000000 00:00 0 
d0f7e00000-d0f7e05000 rw-p 00000000 00:00 0 
d0f7e05000-d0f7e06000 ---p 00000000 00:00 0 
d0f7e06000-d0f7e07000 rwxp 00000000 00:00 0 
d0f7e07000-d0f7f00000 ---p 00000000 00:00 0 
d0f7f00000-d0f7f05000 rw-p 00000000 00:00 0 
d0f7f05000-d0f7f06000 ---p 00000000 00:00 0 
d0f7f06000-d0f7f07000 rwxp 00000000 00:00 0 
d0f7f07000-d0f8000000 ---p 00000000 00:00 0 
d0f8000000-d0f8005000 rw-p 00000000 00:00 0 
d0f8005000-d0f8006000 ---p 00000000 00:00 0 
d0f8006000-d0f80ff000 rwxp 00000000 00:00 0 
d0f80ff000-d117b65000 ---p 00000000 00:00 0 
fb61000000-fb61100000 rw-p 00000000 00:00 0 
742f6400000-742f6425000 rw-p 00000000 00:00 0 
110a82500000-110a82600000 rw-p 00000000 00:00 0 
1e65bb0b4000-1e65bb0b5000 r-xp 00000000 00:00 0 
2015a4a93000-2015a4ac0000 ---p 00000000 00:00 0 
2015a4ac0000-2015a4ae0000 rw-p 00000000 00:00 0 
2015a4ae0000-2015a4af3000 ---p 00000000 00:00 0 
2118474d3000-2118474e3000 rw-p 00000000 00:00 0 
2118474e3000-2118476d3000 ---p 00000000 00:00 0 
253e94f00000-253e94f35000 rw-p 00000000 00:00 0 
27b33e000000-27b33e200000 rw-p 00000000 00:00 0 
27b33e200000-27b33f000000 ---p 00000000 00:00 0 
27b33f000000-27b33f200000 rw-p 00000000 00:00 0 
27b33f200000-27b340000000 ---p 00000000 00:00 0 
3559db800000-3559db900000 rw-p 00000000 00:00 0 
39e00f500000-39e00f515000 rw-p 00000000 00:00 0 
3ba281d00000-3ba281e00000 rw-p 00000000 00:00 0 
3fd2a9a00000-3fd2a9a25000 rw-p 00000000 00:00 0 
7f6354000000-7f6354021000 rw-p 00000000 00:00 0 
7f6354021000-7f6358000000 ---p 00000000 00:00 0 
7f635c000000-7f635c021000 rw-p 00000000 00:00 0 
7f635c021000-7f6360000000 ---p 00000000 00:00 0 
7f6360000000-7f6360021000 rw-p 00000000 00:00 0 
7f6360021000-7f6364000000 ---p 00000000 00:00 0 
7f6364000000-7f6364021000 rw-p 00000000 00:00 0 
7f6364021000-7f6368000000 ---p 00000000 00:00 0 
7f6368000000-7f6368046000 rw-p 00000000 00:00 0 
7f6368046000-7f636c000000 ---p 00000000 00:00 0 
7f636c000000-7f636c021000 rw-p 00000000 00:00 0 
7f636c021000-7f6370000000 ---p 00000000 00:00 0 
7f6370000000-7f6370021000 rw-p 00000000 00:00 0 
7f6370021000-7f6374000000 ---p 00000000 00:00 0 
7f6374000000-7f6374021000 rw-p 00000000 00:00 0 
7f6374021000-7f6378000000 ---p 00000000 00:00 0 
7f6379f1a000-7f6379f1b000 ---p 00000000 00:00 0 
7f6379f1b000-7f637a01b000 rw-p 00000000 00:00 0                          [stack:25063]
7f637a01b000-7f637a01e000 ---p 00000000 00:00 0 
7f637a01e000-7f637a11c000 rw-p 00000000 00:00 0                          [stack:25062]
7f637a11c000-7f637a11f000 ---p 00000000 00:00 0 
7f637a11f000-7f637a21d000 rw-p 00000000 00:00 0                          [stack:25061]
7f637a21d000-7f637a220000 ---p 00000000 00:00 0 
7f637a220000-7f637a31e000 rw-p 00000000 00:00 0                          [stack:25060]
7f637a31e000-7f637a321000 ---p 00000000 00:00 0 
7f637a321000-7f637a41f000 rw-p 00000000 00:00 0                          [stack:25059]
7f637a41f000-7f637a74b000 r--p 00000000 ca:01 1294380                    /usr/lib/locale/locale-archive
7f637a74b000-7f637a74e000 ---p 00000000 00:00 0 
7f637a74e000-7f637a84c000 rw-p 00000000 00:00 0                          [stack:25058]
7f637a84c000-7f637a84f000 ---p 00000000 00:00 0 
7f637a84f000-7f637a94d000 rw-p 00000000 00:00 0                          [stack:25057]
7f637a94d000-7f637ab23000 r--s 03caa000 ca:01 232095                     /usr/share/java/jdk1.8.0_25/jre/lib/rt.jar
7f637ab23000-7f637af63000 rw-p 00000000 00:00 0 
7f637af63000-7f637b323000 ---p 00000000 00:00 0 
7f637b323000-7f637b32d000 rw-p 00000000 00:00 0 
7f637b32d000-7f637b6e3000 ---p 00000000 00:00 0 
7f637b6e3000-7f637b953000 rwxp 00000000 00:00 0 
7f637b953000-7f638a6e3000 ---p 00000000 00:00 0 
7f638a6e3000-7f638a6fd000 r-xp 00000000 ca:01 237674                     /usr/share/java/jdk1.8.0_25/jre/lib/amd64/libzip.so
7f638a6fd000-7f638a8fd000 ---p 0001a000 ca:01 237674                     /usr/share/java/jdk1.8.0_25/jre/lib/amd64/libzip.so
7f638a8fd000-7f638a8fe000 rw-p 0001a000 ca:01 237674                     /usr/share/java/jdk1.8.0_25/jre/lib/amd64/libzip.so
7f638a8fe000-7f638a928000 r-xp 00000000 ca:01 237653                     /usr/share/java/jdk1.8.0_25/jre/lib/amd64/libjava.so
7f638a928000-7f638ab28000 ---p 0002a000 ca:01 237653                     /usr/share/java/jdk1.8.0_25/jre/lib/amd64/libjava.so
7f638ab28000-7f638ab2a000 rw-p 0002a000 ca:01 237653                     /usr/share/java/jdk1.8.0_25/jre/lib/amd64/libjava.so
7f638ab2a000-7f638ab37000 r-xp 00000000 ca:01 237668                     /usr/share/java/jdk1.8.0_25/jre/lib/amd64/libverify.so
7f638ab37000-7f638ad37000 ---p 0000d000 ca:01 237668                     /usr/share/java/jdk1.8.0_25/jre/lib/amd64/libverify.so
7f638ad37000-7f638ad39000 rw-p 0000d000 ca:01 237668                     /usr/share/java/jdk1.8.0_25/jre/lib/amd64/libverify.so
7f638ad39000-7f638b9a6000 r-xp 00000000 ca:01 237690                     /usr/share/java/jdk1.8.0_25/jre/lib/amd64/server/libjvm.so
7f638b9a6000-7f638bba5000 ---p 00c6d000 ca:01 237690                     /usr/share/java/jdk1.8.0_25/jre/lib/amd64/server/libjvm.so
7f638bba5000-7f638bc7b000 rw-p 00c6c000 ca:01 237690                     /usr/share/java/jdk1.8.0_25/jre/lib/amd64/server/libjvm.so
7f638bc7b000-7f638bcbe000 rw-p 00000000 00:00 0 
7f638bcbe000-7f638bccd000 r-xp 00000000 ca:01 1279941                    /home/kyriosli/node-java/java.node
7f638bccd000-7f638becd000 ---p 0000f000 ca:01 1279941                    /home/kyriosli/node-java/java.node
7f638becd000-7f638bece000 rw-p 0000f000 ca:01 1279941                    /home/kyriosli/node-java/java.node
7f638bece000-7f638becf000 ---p 00000000 00:00 0 
7f638becf000-7f638c6cf000 rw-p 00000000 00:00 0                          [stack:25055]
7f638c6cf000-7f638c6d0000 ---p 00000000 00:00 0 
7f638c6d0000-7f638ced0000 rw-p 00000000 00:00 0                          [stack:25054]
7f638ced0000-7f638ced1000 ---p 00000000 00:00 0 
7f638ced1000-7f638d6d1000 rw-p 00000000 00:00 0                          [stack:25053]
7f638d6d1000-7f638d6d2000 ---p 00000000 00:00 0 
7f638d6d2000-7f638ded2000 rw-p 00000000 00:00 0                          [stack:25052]
7f638ded2000-7f638e071000 r-xp 00000000 ca:01 311400                     /lib/x86_64-linux-gnu/libc-2.19.so
7f638e071000-7f638e271000 ---p 0019f000 ca:01 311400                     /lib/x86_64-linux-gnu/libc-2.19.so
7f638e271000-7f638e275000 r--p 0019f000 ca:01 311400                     /lib/x86_64-linux-gnu/libc-2.19.so
7f638e275000-7f638e277000 rw-p 001a3000 ca:01 311400                     /lib/x86_64-linux-gnu/libc-2.19.so
7f638e277000-7f638e27b000 rw-p 00000000 00:00 0 
7f638e27b000-7f638e293000 r-xp 00000000 ca:01 311387                     /lib/x86_64-linux-gnu/libpthread-2.19.so
7f638e293000-7f638e492000 ---p 00018000 ca:01 311387                     /lib/x86_64-linux-gnu/libpthread-2.19.so
7f638e492000-7f638e493000 r--p 00017000 ca:01 311387                     /lib/x86_64-linux-gnu/libpthread-2.19.so
7f638e493000-7f638e494000 rw-p 00018000 ca:01 311387                     /lib/x86_64-linux-gnu/libpthread-2.19.so
7f638e494000-7f638e498000 rw-p 00000000 00:00 0 
7f638e498000-7f638e4ae000 r-xp 00000000 ca:01 311310                     /lib/x86_64-linux-gnu/libgcc_s.so.1
7f638e4ae000-7f638e6ad000 ---p 00016000 ca:01 311310                     /lib/x86_64-linux-gnu/libgcc_s.so.1
7f638e6ad000-7f638e6ae000 rw-p 00015000 ca:01 311310                     /lib/x86_64-linux-gnu/libgcc_s.so.1
7f638e6ae000-7f638e7ae000 r-xp 00000000 ca:01 311399                     /lib/x86_64-linux-gnu/libm-2.19.so
7f638e7ae000-7f638e9ad000 ---p 00100000 ca:01 311399                     /lib/x86_64-linux-gnu/libm-2.19.so
7f638e9ad000-7f638e9ae000 r--p 000ff000 ca:01 311399                     /lib/x86_64-linux-gnu/libm-2.19.so
7f638e9ae000-7f638e9af000 rw-p 00100000 ca:01 311399                     /lib/x86_64-linux-gnu/libm-2.19.so
7f638e9af000-7f638ea9b000 r-xp 00000000 ca:01 65561                      /usr/lib/x86_64-linux-gnu/libstdc++.so.6.0.20
7f638ea9b000-7f638ec9b000 ---p 000ec000 ca:01 65561                      /usr/lib/x86_64-linux-gnu/libstdc++.so.6.0.20
7f638ec9b000-7f638eca3000 r--p 000ec000 ca:01 65561                      /usr/lib/x86_64-linux-gnu/libstdc++.so.6.0.20
7f638eca3000-7f638eca5000 rw-p 000f4000 ca:01 65561                      /usr/lib/x86_64-linux-gnu/libstdc++.so.6.0.20
7f638eca5000-7f638ecba000 rw-p 00000000 00:00 0 
7f638ecba000-7f638ecbd000 r-xp 00000000 ca:01 311370                     /lib/x86_64-linux-gnu/libdl-2.19.so
7f638ecbd000-7f638eebc000 ---p 00003000 ca:01 311370                     /lib/x86_64-linux-gnu/libdl-2.19.so
7f638eebc000-7f638eebd000 r--p 00002000 ca:01 311370                     /lib/x86_64-linux-gnu/libdl-2.19.so
7f638eebd000-7f638eebe000 rw-p 00003000 ca:01 311370                     /lib/x86_64-linux-gnu/libdl-2.19.so
7f638eebe000-7f638eec5000 r-xp 00000000 ca:01 311388                     /lib/x86_64-linux-gnu/librt-2.19.so
7f638eec5000-7f638f0c4000 ---p 00007000 ca:01 311388                     /lib/x86_64-linux-gnu/librt-2.19.so
7f638f0c4000-7f638f0c5000 r--p 00006000 ca:01 311388                     /lib/x86_64-linux-gnu/librt-2.19.so
7f638f0c5000-7f638f0c6000 rw-p 00007000 ca:01 311388                     /lib/x86_64-linux-gnu/librt-2.19.so
7f638f0c6000-7f638f0e6000 r-xp 00000000 ca:01 311352                     /lib/x86_64-linux-gnu/ld-2.19.so
7f638f12f000-7f638f130000 ---p 00000000 00:00 0 
7f638f130000-7f638f233000 rw-p 00000000 00:00 0                          [stack:25056]
7f638f233000-7f638f25b000 ---p 00000000 00:00 0 
7f638f25b000-7f638f25d000 rw-p 00000000 00:00 0 
7f638f25d000-7f638f270000 ---p 00000000 00:00 0 
7f638f270000-7f638f273000 rw-p 00000000 00:00 0 
7f638f273000-7f638f29a000 ---p 00000000 00:00 0 
7f638f29a000-7f638f29b000 rw-p 00000000 00:00 0 
7f638f29b000-7f638f2a3000 rw-s 00000000 ca:01 90162                      /tmp/hsperfdata_kyriosli/25051
7f638f2a3000-7f638f2d8000 r--s 00000000 ca:01 1032364                    /var/cache/nscd/passwd
7f638f2d8000-7f638f2de000 rw-p 00000000 00:00 0 
7f638f2e2000-7f638f2e3000 rw-p 00000000 00:00 0 
7f638f2e3000-7f638f2e4000 r--p 00000000 00:00 0 
7f638f2e4000-7f638f2e6000 rw-p 00000000 00:00 0 
7f638f2e6000-7f638f2e7000 r--p 00020000 ca:01 311352                     /lib/x86_64-linux-gnu/ld-2.19.so
7f638f2e7000-7f638f2e8000 rw-p 00021000 ca:01 311352                     /lib/x86_64-linux-gnu/ld-2.19.so
7f638f2e8000-7f638f2e9000 rw-p 00000000 00:00 0 
7fffb69b7000-7fffb69ba000 ---p 00000000 00:00 0 
7fffb69bb000-7fffb6ab7000 rw-p 00000000 00:00 0                          [stack]
7fffb6bf0000-7fffb6bf2000 r-xp 00000000 00:00 0                          [vdso]
7fffb6bf2000-7fffb6bf4000 r--p 00000000 00:00 0                          [vvar]
ffffffffff600000-ffffffffff601000 r-xp 00000000 00:00 0                  [vsyscall]

VM Arguments:
java_command: <unknown>
java_class_path (initial): <not set>
Launcher Type: generic

Environment Variables:
JAVA_HOME=/usr/share/java/default-jdk
PATH=/usr/local/bin:/usr/bin:/bin:/usr/local/games:/usr/games:/usr/share/java/default-jdk/bin
SHELL=/bin/bash

Signal Handlers:
SIGSEGV: [libjvm.so+0xa79a80], sa_mask[0]=11111111011111111101111111111110, sa_flags=SA_RESTART|SA_SIGINFO
SIGBUS: [libjvm.so+0xa79a80], sa_mask[0]=11111111011111111101111111111110, sa_flags=SA_RESTART|SA_SIGINFO
SIGFPE: [libjvm.so+0x8e24e0], sa_mask[0]=11111111011111111101111111111110, sa_flags=SA_RESTART|SA_SIGINFO
SIGPIPE: [libjvm.so+0x8e24e0], sa_mask[0]=11111111011111111101111111111110, sa_flags=SA_RESTART|SA_SIGINFO
SIGXFSZ: [libjvm.so+0x8e24e0], sa_mask[0]=11111111011111111101111111111110, sa_flags=SA_RESTART|SA_SIGINFO
SIGILL: [libjvm.so+0x8e24e0], sa_mask[0]=11111111011111111101111111111110, sa_flags=SA_RESTART|SA_SIGINFO
SIGUSR1: [+0x87b580], sa_mask[0]=11111111011111111101111111111110, sa_flags=none
SIGUSR2: [libjvm.so+0x8e3d10], sa_mask[0]=00000000000000000000000000000000, sa_flags=SA_RESTART|SA_SIGINFO
SIGHUP: [libjvm.so+0x8e50d0], sa_mask[0]=11111111011111111101111111111110, sa_flags=SA_RESTART|SA_SIGINFO
SIGINT: [libjvm.so+0x8e50d0], sa_mask[0]=11111111011111111101111111111110, sa_flags=SA_RESTART|SA_SIGINFO
SIGTERM: [libjvm.so+0x8e50d0], sa_mask[0]=11111111011111111101111111111110, sa_flags=SA_RESTART|SA_SIGINFO
SIGQUIT: [libjvm.so+0x8e50d0], sa_mask[0]=11111111011111111101111111111110, sa_flags=SA_RESTART|SA_SIGINFO


---------------  S Y S T E M  ---------------

OS:PRETTY_NAME="Debian GNU/Linux 8 (jessie)"
NAME="Debian GNU/Linux"
VERSION_ID="8"
VERSION="8 (jessie)"
ID=debian
HOME_URL="http://www.debian.org/"
SUPPORT_URL="http://www.debian.org/support/"
BUG_REPORT_URL="https://bugs.debian.org/"

uname:Linux 3.16.0-4-amd64 #1 SMP Debian 3.16.7-ckt4-3 (2015-02-03) x86_64
libc:glibc 2.19 NPTL 2.19 
rlimit: STACK 8192k, CORE 0k, NPROC 1908, NOFILE 4096, AS infinity
load average:0.00 0.01 0.05

/proc/meminfo:
MemTotal:         504860 kB
MemFree:           18188 kB
MemAvailable:     360104 kB
Buffers:          143272 kB
Cached:           184476 kB
SwapCached:            0 kB
Active:           343580 kB
Inactive:          79124 kB
Active(anon):      95036 kB
Inactive(anon):     8892 kB
Active(file):     248544 kB
Inactive(file):    70232 kB
Unevictable:           0 kB
Mlocked:               0 kB
SwapTotal:             0 kB
SwapFree:              0 kB
Dirty:               104 kB
Writeback:             0 kB
AnonPages:         95000 kB
Mapped:            80888 kB
Shmem:              8932 kB
Slab:              44484 kB
SReclaimable:      33736 kB
SUnreclaim:        10748 kB
KernelStack:        2496 kB
PageTables:         5044 kB
NFS_Unstable:          0 kB
Bounce:                0 kB
WritebackTmp:          0 kB
CommitLimit:      252428 kB
Committed_AS:     849424 kB
VmallocTotal:   34359738367 kB
VmallocUsed:        3624 kB
VmallocChunk:   34359733259 kB
HardwareCorrupted:     0 kB
AnonHugePages:         0 kB
HugePages_Total:       0
HugePages_Free:        0
HugePages_Rsvd:        0
HugePages_Surp:        0
Hugepagesize:       2048 kB
DirectMap4k:       51200 kB
DirectMap2M:      604160 kB


CPU:total 1 (32 cores per cpu, 2 threads per core) family 6 model 45 stepping 7, cmov, cx8, fxsr, mmx, sse, sse2, sse3, ssse3, sse4.1, sse4.2, popcnt, aes, ht, tsc

/proc/cpuinfo:
processor	: 0
vendor_id	: GenuineIntel
cpu family	: 6
model		: 45
model name	: Intel(R) Xeon(R) CPU E5-2630 0 @ 2.30GHz
stepping	: 7
microcode	: 0x70d
cpu MHz		: 2300.090
cache size	: 15360 KB
physical id	: 0
siblings	: 1
core id		: 0
cpu cores	: 1
apicid		: 0
initial apicid	: 0
fpu		: yes
fpu_exception	: yes
cpuid level	: 13
wp		: yes
flags		: fpu vme de pse tsc msr pae mce cx8 apic sep mtrr pge mca cmov pat clflush mmx fxsr sse sse2 ht syscall nx rdtscp lm constant_tsc rep_good nopl pni ssse3 cx16 sse4_1 sse4_2 popcnt aes hypervisor lahf_lm
bogomips	: 4600.18
clflush size	: 64
cache_alignment	: 64
address sizes	: 46 bits physical, 48 bits virtual
power management:



Memory: 4k page, physical 504860k(18188k free), swap 0k(0k free)

vm_info: Java HotSpot(TM) 64-Bit Server VM (25.25-b02) for linux-amd64 JRE (1.8.0_25-b17), built on Sep 17 2014 17:32:11 by "java_re" with gcc 4.3.0 20080428 (Red Hat 4.3.0-8)

time: Tue Mar 10 19:39:08 2015
elapsed time: 0 seconds (0d 0h 0m 0s)

