#
# A fatal error has been detected by the Java Runtime Environment:
#
#  SIGSEGV (0xb) at pc=0x00007f486b24cefd, pid=25123, tid=139949068638016
#
# JRE version: Java(TM) SE Runtime Environment (8.0_25-b17) (build 1.8.0_25-b17)
# Java VM: Java HotSpot(TM) 64-Bit Server VM (25.25-b02 mixed mode linux-amd64 compressed oops)
# Problematic frame:
# C  [java.node+0xaefd]  JavaVM_::GetEnv(void**, int)+0x17
#
# Failed to write core dump. Core dumps have been disabled. To enable core dumping, try "ulimit -c unlimited" before starting Java again
#
# If you would like to submit a bug report, please visit:
#   http://bugreport.sun.com/bugreport/crash.jsp
# The crash happened outside the Java Virtual Machine in native code.
# See problematic frame for where to report the bug.
#

---------------  T H R E A D  ---------------

Current thread (0x0000000002771000):  JavaThread "main" [_thread_in_native, id=25123, stack(0x00007fffce672000,0x00007fffce772000)]

siginfo: si_signo: 11 (SIGSEGV), si_code: 1 (SEGV_MAPERR), si_addr: 0x0000000000000000

Registers:
RAX=0x0000000000000000, RBX=0x00007fffce770f80, RCX=0x00007fffce7707b8, RDX=0x0000000000010006
RSP=0x00007fffce76ff50, RBP=0x00007fffce76ff70, RSI=0x00007fffce7707b8, RDI=0x0000000000000000
R8 =0x00007fffce771078, R9 =0x0000000002706ee0, R10=0x0000339564b1bd29, R11=0x0000339564b04181
R12=0x0000000002706ec0, R13=0x0000000000000000, R14=0x00007f486b24b52f, R15=0x0000000000000007
RIP=0x00007f486b24cefd, EFLAGS=0x0000000000010206, CSGSFS=0x0000000000000033, ERR=0x0000000000000004
  TRAPNO=0x000000000000000e

Top of Stack: (sp=0x00007fffce76ff50)
0x00007fffce76ff50:   00007fffce77048f 00010006ce770f80
0x00007fffce76ff60:   00007fffce7707b8 0000000000000000
0x00007fffce76ff70:   00007fffce770ec0 00007f486b24b6d8
0x00007fffce76ff80:   00000000000008cb 00007fffce770f00
0x00007fffce76ff90:   00007fffce76fff0 0000000000b10a36
0x00007fffce76ffa0:   0000089f00000001 000000000000089f
0x00007fffce76ffb0:   00007fffce76fff0 0000000000b04f14
0x00007fffce76ffc0:   00007fffce76fff0 000008d2000008cb
0x00007fffce76ffd0:   00007fffce77048f 0000000000000001
0x00007fffce76ffe0:   00007fffce7703c0 00007fffce770a10
0x00007fffce76fff0:   00007fffce770060 0000000000b105cd
0x00007fffce770000:   00007fffce770a70 0000000000000000
0x00007fffce770010:   000008cb00000001 00000000000008cb
0x00007fffce770020:   00007fffce770a70 00007fffce770a70
0x00007fffce770030:   00007fffce770a70 0000000000b86bca
0x00007fffce770040:   00007fffce77048f 00007fffce770540
0x00007fffce770050:   00007fffce770070 0000000000b8c889
0x00007fffce770060:   00007fffce770a70 00007fffce770540
0x00007fffce770070:   00007fffce7700a0 0000000000b92738
0x00007fffce770080:   00007fffce770a10 00007fffce770a70
0x00007fffce770090:   00007fffce77048f 00000000000008c4
0x00007fffce7700a0:   00007fffce770400 00000000008306fc
0x00007fffce7700b0:   00000000000008c4 00007fffce770a10
0x00007fffce7700c0:   00007fffce770420 00000000008306fc
0x00007fffce7700d0:   00007fffce770a10 00007fffce77048f
0x00007fffce7700e0:   00003db1fb569321 000008ca00b14236
0x00007fffce7700f0:   00000000029edcf0 00007f480000005b
0x00007fffce770100:   00003db1fb534f01 00007fffce770a10
0x00007fffce770110:   00000000029edc48 0000000000000000
0x00007fffce770120:   00007fffce770a10 00007fffce77048f
0x00007fffce770130:   00007fffce7701a0 0000000000b0e298
0x00007fffce770140:   0000000000000000 000000000000005b 

Instructions: (pc=0x00007f486b24cefd)
0x00007f486b24cedd:   55 f8 48 89 d7 ff d0 c9 c3 55 48 89 e5 48 83 ec
0x00007f486b24ceed:   20 48 89 7d f8 48 89 75 f0 89 55 ec 48 8b 45 f8
0x00007f486b24cefd:   48 8b 00 48 8b 40 30 8b 55 ec 48 8b 75 f0 48 8b
0x00007f486b24cf0d:   4d f8 48 89 cf ff d0 c9 c3 55 48 89 e5 48 89 7d 

Register to memory mapping:

RAX=0x0000000000000000 is an unknown value
RBX=0x00007fffce770f80 is pointing into the stack for thread: 0x0000000002771000
RCX=0x00007fffce7707b8 is pointing into the stack for thread: 0x0000000002771000
RDX=0x0000000000010006 is an unknown value
RSP=0x00007fffce76ff50 is pointing into the stack for thread: 0x0000000002771000
RBP=0x00007fffce76ff70 is pointing into the stack for thread: 0x0000000002771000
RSI=0x00007fffce7707b8 is pointing into the stack for thread: 0x0000000002771000
RDI=0x0000000000000000 is an unknown value
R8 =0x00007fffce771078 is pointing into the stack for thread: 0x0000000002771000
R9 =0x0000000002706ee0 is an unknown value
R10=0x0000339564b1bd29 is an unknown value
R11=0x0000339564b04181 is an unknown value
R12=0x0000000002706ec0 is an unknown value
R13=0x0000000000000000 is an unknown value
R14=0x00007f486b24b52f: _ZN4java2vm6invokeERKN2v820FunctionCallbackInfoINS1_5ValueEEE+0 in /home/kyriosli/node-java/java.node at 0x00007f486b242000
R15=0x0000000000000007 is an unknown value


Stack: [0x00007fffce672000,0x00007fffce772000],  sp=0x00007fffce76ff50,  free space=1015k
Native frames: (J=compiled Java code, j=interpreted, Vv=VM code, C=native code)
C  [java.node+0xaefd]  JavaVM_::GetEnv(void**, int)+0x17
C  [java.node+0x96d8]  java::vm::invoke(v8::FunctionCallbackInfo<v8::Value> const&)+0x1a9
C  [node+0x3ffab2]  v8::internal::FunctionCallbackArguments::Call(void (*)(v8::FunctionCallbackInfo<v8::Value> const&))+0x92
C  [node+0x427133]
C  0x00003db1fb5060bb
C  0x00003db1fb5e6ef5
C  0x00003db1fb5e69ee
C  0x00003db1fb5b3d7a
C  0x00003db1fb524bc6
C  0x00003db1fb5b2a0d
C  0x00003db1fb5acf21
C  0x00003db1fb5a9633
C  0x00003db1fb59fc50
C  0x00003db1fb59f50e
C  0x00003db1fb56a45c
C  0x00003db1fb568ddd
C  0x00003db1fb51f0c0
C  0x00003db1fb51dff1
C  [node+0x536363]  v8::internal::Execution::Call(v8::internal::Isolate*, v8::internal::Handle<v8::internal::Object>, v8::internal::Handle<v8::internal::Object>, int, v8::internal::Handle<v8::internal::Object>*, bool)+0x153
C  [node+0x3f9aa1]  v8::Function::Call(v8::Handle<v8::Value>, int, v8::Handle<v8::Value>*)+0xc1
C  [node+0x884216]  node::LoadEnvironment(node::Environment*)+0x1c6
C  [node+0x885896]  node::Start(int, char**)+0x336
C  [libc.so.6+0x21b45]  __libc_start_main+0xf5


---------------  P R O C E S S  ---------------

Java Threads: ( => current thread )
  0x00000000029d7000 JavaThread "Service Thread" daemon [_thread_blocked, id=25134, stack(0x00007f485959f000,0x00007f48596a0000)]
  0x00000000029d1800 JavaThread "C1 CompilerThread1" daemon [_thread_blocked, id=25133, stack(0x00007f48596a0000,0x00007f48597a1000)]
  0x00000000029cf800 JavaThread "C2 CompilerThread0" daemon [_thread_blocked, id=25132, stack(0x00007f48597a1000,0x00007f48598a2000)]
  0x00000000029cd800 JavaThread "Signal Dispatcher" daemon [_thread_blocked, id=25131, stack(0x00007f48598a2000,0x00007f48599a3000)]
  0x00000000029a0800 JavaThread "Finalizer" daemon [_thread_blocked, id=25130, stack(0x00007f4859ccf000,0x00007f4859dd0000)]
  0x000000000299e800 JavaThread "Reference Handler" daemon [_thread_blocked, id=25129, stack(0x00007f4859dd0000,0x00007f4859ed1000)]
=>0x0000000002771000 JavaThread "main" [_thread_in_native, id=25123, stack(0x00007fffce672000,0x00007fffce772000)]

Other Threads:
  0x0000000002997800 VMThread [stack: 0x00007f486e6b3000,0x00007f486e7b4000] [id=25128]
  0x00000000029dc000 WatcherThread [stack: 0x00007f485949e000,0x00007f485959f000] [id=25135]

VM state:not at safepoint (normal execution)

VM Mutex/Monitor currently owned by a thread: None

Heap:
 def new generation   total 2432K, used 525K [0x00000000f8200000, 0x00000000f84a0000, 0x00000000fac00000)
  eden space 2176K,  24% used [0x00000000f8200000, 0x00000000f82837f0, 0x00000000f8420000)
  from space 256K,   0% used [0x00000000f8420000, 0x00000000f8420000, 0x00000000f8460000)
  to   space 256K,   0% used [0x00000000f8460000, 0x00000000f8460000, 0x00000000f84a0000)
 tenured generation   total 5504K, used 0K [0x00000000fac00000, 0x00000000fb160000, 0x0000000100000000)
   the space 5504K,   0% used [0x00000000fac00000, 0x00000000fac00000, 0x00000000fac00200, 0x00000000fb160000)
 Metaspace       used 2446K, capacity 4490K, committed 4864K, reserved 1056768K
  class space    used 262K, capacity 386K, committed 512K, reserved 1048576K

Card table byte_map: [0x00007f486e7df000,0x00007f486e81f000] byte_map_base: 0x00007f486e01e000

Polling page: 0x00007f486e867000

CodeCache: size=245760Kb used=1079Kb max_used=1079Kb free=244680Kb
 bounds [0x00007f485ac67000, 0x00007f485aed7000, 0x00007f4869c67000]
 total_blobs=243 nmethods=14 adapters=146
 compilation: enabled

Compilation events (10 events):
Event: 0.082 Thread 0x00000000029d1800   10       3       sun.misc.FDBigInteger::mult (64 bytes)
Event: 0.083 Thread 0x00000000029d1800 nmethod 10 0x00007f485ad73610 code [0x00007f485ad73780, 0x00007f485ad73a10]
Event: 0.083 Thread 0x00000000029d1800   11       3       sun.misc.FDBigInteger::<init> (30 bytes)
Event: 0.083 Thread 0x00000000029d1800 nmethod 11 0x00007f485ad73cd0 code [0x00007f485ad73e40, 0x00007f485ad74040]
Event: 0.083 Thread 0x00000000029d1800   12       3       sun.misc.FDBigInteger::trimLeadingZeros (57 bytes)
Event: 0.083 Thread 0x00000000029d1800 nmethod 12 0x00007f485ad74150 code [0x00007f485ad742c0, 0x00007f485ad745f0]
Event: 0.083 Thread 0x00000000029d1800   13       3       sun.misc.FDBigInteger::makeImmutable (6 bytes)
Event: 0.083 Thread 0x00000000029d1800 nmethod 13 0x00007f485ad74710 code [0x00007f485ad74860, 0x00007f485ad749b0]
Event: 0.083 Thread 0x00000000029d1800   14       3       sun.misc.FDBigInteger::mult (44 bytes)
Event: 0.084 Thread 0x00000000029d1800 nmethod 14 0x00007f485ad74a10 code [0x00007f485ad74ba0, 0x00007f485ad74eb0]

GC Heap History (0 events):
No events

Deoptimization events (0 events):
No events

Internal exceptions (3 events):
Event: 0.027 Thread 0x0000000002771000 Exception <a 'java/lang/NoSuchMethodError': Method sun.misc.Unsafe.defineClass(Ljava/lang/String;[BII)Ljava/lang/Class; name or signature does not match> (0x00000000f8211c80) thrown at [/HUDSON/workspace/8-2-build-linux-amd64/jdk8u25/1514/hotspot/src/shar
Event: 0.027 Thread 0x0000000002771000 Exception <a 'java/lang/NoSuchMethodError': Method sun.misc.Unsafe.prefetchRead(Ljava/lang/Object;J)V name or signature does not match> (0x00000000f8211f10) thrown at [/HUDSON/workspace/8-2-build-linux-amd64/jdk8u25/1514/hotspot/src/share/vm/prims/jni.cpp
Event: 0.072 Thread 0x0000000002771000 Exception <a 'java/security/PrivilegedActionException'> (0x00000000f825f290) thrown at [/HUDSON/workspace/8-2-build-linux-amd64/jdk8u25/1514/hotspot/src/share/vm/prims/jvm.cpp, line 1312]

Events (10 events):
Event: 0.081 loading class sun/misc/FloatingDecimal$BinaryToASCIIBuffer
Event: 0.081 loading class sun/misc/FloatingDecimal$BinaryToASCIIBuffer done
Event: 0.081 loading class sun/misc/FloatingDecimal$1
Event: 0.081 loading class sun/misc/FloatingDecimal$1 done
Event: 0.081 loading class sun/misc/FloatingDecimal$PreparedASCIIToBinaryBuffer
Event: 0.081 loading class sun/misc/FloatingDecimal$ASCIIToBinaryConverter
Event: 0.081 loading class sun/misc/FloatingDecimal$ASCIIToBinaryConverter done
Event: 0.081 loading class sun/misc/FloatingDecimal$PreparedASCIIToBinaryBuffer done
Event: 0.081 loading class sun/misc/FDBigInteger
Event: 0.081 loading class sun/misc/FDBigInteger done


Dynamic libraries:
00400000-01068000 r-xp 00000000 ca:01 282                                /usr/local/bin/iojs
01268000-01280000 rw-p 00c68000 ca:01 282                                /usr/local/bin/iojs
01280000-0128c000 rw-p 00000000 00:00 0 
02703000-02a03000 rw-p 00000000 00:00 0                                  [heap]
f8200000-f84a0000 rw-p 00000000 00:00 0 
f84a0000-fac00000 ---p 00000000 00:00 0 
fac00000-fb160000 rw-p 00000000 00:00 0 
fb160000-100000000 ---p 00000000 00:00 0 
100000000-100080000 rw-p 00000000 00:00 0 
100080000-140000000 ---p 00000000 00:00 0 
91112000000-91112200000 rw-p 00000000 00:00 0 
91112200000-91113000000 ---p 00000000 00:00 0 
91113000000-91113200000 rw-p 00000000 00:00 0 
91113200000-91114000000 ---p 00000000 00:00 0 
1b511c400000-1b511c500000 rw-p 00000000 00:00 0 
1d0c17600000-1d0c17635000 rw-p 00000000 00:00 0 
1e2d6bc4c000-1e2d6bc5c000 rw-p 00000000 00:00 0 
1e2d6bc5c000-1e2d6be4c000 ---p 00000000 00:00 0 
2104d19a6000-2104d19a7000 r-xp 00000000 00:00 0 
25e9d80db000-25e9d8100000 ---p 00000000 00:00 0 
25e9d8100000-25e9d8120000 rw-p 00000000 00:00 0 
25e9d8120000-25e9d813b000 ---p 00000000 00:00 0 
2e8d54200000-2e8d54215000 rw-p 00000000 00:00 0 
2ef280500000-2ef280600000 rw-p 00000000 00:00 0 
2f3662300000-2f3662325000 rw-p 00000000 00:00 0 
2f7ab0c00000-2f7ab0d00000 rw-p 00000000 00:00 0 
339564b00000-339564c00000 rw-p 00000000 00:00 0 
3950fd500000-3950fd525000 rw-p 00000000 00:00 0 
3db1fb09d000-3db1fb200000 ---p 00000000 00:00 0 
3db1fb200000-3db1fb205000 rw-p 00000000 00:00 0 
3db1fb205000-3db1fb206000 ---p 00000000 00:00 0 
3db1fb206000-3db1fb207000 rwxp 00000000 00:00 0 
3db1fb207000-3db1fb300000 ---p 00000000 00:00 0 
3db1fb300000-3db1fb305000 rw-p 00000000 00:00 0 
3db1fb305000-3db1fb306000 ---p 00000000 00:00 0 
3db1fb306000-3db1fb307000 rwxp 00000000 00:00 0 
3db1fb307000-3db1fb400000 ---p 00000000 00:00 0 
3db1fb400000-3db1fb405000 rw-p 00000000 00:00 0 
3db1fb405000-3db1fb406000 ---p 00000000 00:00 0 
3db1fb406000-3db1fb407000 rwxp 00000000 00:00 0 
3db1fb407000-3db1fb500000 ---p 00000000 00:00 0 
3db1fb500000-3db1fb505000 rw-p 00000000 00:00 0 
3db1fb505000-3db1fb506000 ---p 00000000 00:00 0 
3db1fb506000-3db1fb5ff000 rwxp 00000000 00:00 0 
3db1fb5ff000-3db21b09d000 ---p 00000000 00:00 0 
7f4834000000-7f4834021000 rw-p 00000000 00:00 0 
7f4834021000-7f4838000000 ---p 00000000 00:00 0 
7f483c000000-7f483c021000 rw-p 00000000 00:00 0 
7f483c021000-7f4840000000 ---p 00000000 00:00 0 
7f4840000000-7f4840021000 rw-p 00000000 00:00 0 
7f4840021000-7f4844000000 ---p 00000000 00:00 0 
7f4844000000-7f4844021000 rw-p 00000000 00:00 0 
7f4844021000-7f4848000000 ---p 00000000 00:00 0 
7f4848000000-7f484804e000 rw-p 00000000 00:00 0 
7f484804e000-7f484c000000 ---p 00000000 00:00 0 
7f484c000000-7f484c021000 rw-p 00000000 00:00 0 
7f484c021000-7f4850000000 ---p 00000000 00:00 0 
7f4850000000-7f4850021000 rw-p 00000000 00:00 0 
7f4850021000-7f4854000000 ---p 00000000 00:00 0 
7f4854000000-7f4854021000 rw-p 00000000 00:00 0 
7f4854021000-7f4858000000 ---p 00000000 00:00 0 
7f485949e000-7f485949f000 ---p 00000000 00:00 0 
7f485949f000-7f485959f000 rw-p 00000000 00:00 0                          [stack:25135]
7f485959f000-7f48595a2000 ---p 00000000 00:00 0 
7f48595a2000-7f48596a0000 rw-p 00000000 00:00 0                          [stack:25134]
7f48596a0000-7f48596a3000 ---p 00000000 00:00 0 
7f48596a3000-7f48597a1000 rw-p 00000000 00:00 0                          [stack:25133]
7f48597a1000-7f48597a4000 ---p 00000000 00:00 0 
7f48597a4000-7f48598a2000 rw-p 00000000 00:00 0                          [stack:25132]
7f48598a2000-7f48598a5000 ---p 00000000 00:00 0 
7f48598a5000-7f48599a3000 rw-p 00000000 00:00 0                          [stack:25131]
7f48599a3000-7f4859ccf000 r--p 00000000 ca:01 1294380                    /usr/lib/locale/locale-archive
7f4859ccf000-7f4859cd2000 ---p 00000000 00:00 0 
7f4859cd2000-7f4859dd0000 rw-p 00000000 00:00 0                          [stack:25130]
7f4859dd0000-7f4859dd3000 ---p 00000000 00:00 0 
7f4859dd3000-7f4859ed1000 rw-p 00000000 00:00 0                          [stack:25129]
7f4859ed1000-7f485a0a7000 r--s 03caa000 ca:01 232095                     /usr/share/java/jdk1.8.0_25/jre/lib/rt.jar
7f485a0a7000-7f485a4e7000 rw-p 00000000 00:00 0 
7f485a4e7000-7f485a8a7000 ---p 00000000 00:00 0 
7f485a8a7000-7f485a8b1000 rw-p 00000000 00:00 0 
7f485a8b1000-7f485ac67000 ---p 00000000 00:00 0 
7f485ac67000-7f485aed7000 rwxp 00000000 00:00 0 
7f485aed7000-7f4869c67000 ---p 00000000 00:00 0 
7f4869c67000-7f4869c81000 r-xp 00000000 ca:01 237674                     /usr/share/java/jdk1.8.0_25/jre/lib/amd64/libzip.so
7f4869c81000-7f4869e81000 ---p 0001a000 ca:01 237674                     /usr/share/java/jdk1.8.0_25/jre/lib/amd64/libzip.so
7f4869e81000-7f4869e82000 rw-p 0001a000 ca:01 237674                     /usr/share/java/jdk1.8.0_25/jre/lib/amd64/libzip.so
7f4869e82000-7f4869eac000 r-xp 00000000 ca:01 237653                     /usr/share/java/jdk1.8.0_25/jre/lib/amd64/libjava.so
7f4869eac000-7f486a0ac000 ---p 0002a000 ca:01 237653                     /usr/share/java/jdk1.8.0_25/jre/lib/amd64/libjava.so
7f486a0ac000-7f486a0ae000 rw-p 0002a000 ca:01 237653                     /usr/share/java/jdk1.8.0_25/jre/lib/amd64/libjava.so
7f486a0ae000-7f486a0bb000 r-xp 00000000 ca:01 237668                     /usr/share/java/jdk1.8.0_25/jre/lib/amd64/libverify.so
7f486a0bb000-7f486a2bb000 ---p 0000d000 ca:01 237668                     /usr/share/java/jdk1.8.0_25/jre/lib/amd64/libverify.so
7f486a2bb000-7f486a2bd000 rw-p 0000d000 ca:01 237668                     /usr/share/java/jdk1.8.0_25/jre/lib/amd64/libverify.so
7f486a2bd000-7f486af2a000 r-xp 00000000 ca:01 237690                     /usr/share/java/jdk1.8.0_25/jre/lib/amd64/server/libjvm.so
7f486af2a000-7f486b129000 ---p 00c6d000 ca:01 237690                     /usr/share/java/jdk1.8.0_25/jre/lib/amd64/server/libjvm.so
7f486b129000-7f486b1ff000 rw-p 00c6c000 ca:01 237690                     /usr/share/java/jdk1.8.0_25/jre/lib/amd64/server/libjvm.so
7f486b1ff000-7f486b242000 rw-p 00000000 00:00 0 
7f486b242000-7f486b251000 r-xp 00000000 ca:01 1279941                    /home/kyriosli/node-java/java.node
7f486b251000-7f486b451000 ---p 0000f000 ca:01 1279941                    /home/kyriosli/node-java/java.node
7f486b451000-7f486b452000 rw-p 0000f000 ca:01 1279941                    /home/kyriosli/node-java/java.node
7f486b452000-7f486b453000 ---p 00000000 00:00 0 
7f486b453000-7f486bc53000 rw-p 00000000 00:00 0                          [stack:25127]
7f486bc53000-7f486bc54000 ---p 00000000 00:00 0 
7f486bc54000-7f486c454000 rw-p 00000000 00:00 0                          [stack:25126]
7f486c454000-7f486c455000 ---p 00000000 00:00 0 
7f486c455000-7f486cc55000 rw-p 00000000 00:00 0                          [stack:25125]
7f486cc55000-7f486cc56000 ---p 00000000 00:00 0 
7f486cc56000-7f486d456000 rw-p 00000000 00:00 0                          [stack:25124]
7f486d456000-7f486d5f5000 r-xp 00000000 ca:01 311400                     /lib/x86_64-linux-gnu/libc-2.19.so
7f486d5f5000-7f486d7f5000 ---p 0019f000 ca:01 311400                     /lib/x86_64-linux-gnu/libc-2.19.so
7f486d7f5000-7f486d7f9000 r--p 0019f000 ca:01 311400                     /lib/x86_64-linux-gnu/libc-2.19.so
7f486d7f9000-7f486d7fb000 rw-p 001a3000 ca:01 311400                     /lib/x86_64-linux-gnu/libc-2.19.so
7f486d7fb000-7f486d7ff000 rw-p 00000000 00:00 0 
7f486d7ff000-7f486d817000 r-xp 00000000 ca:01 311387                     /lib/x86_64-linux-gnu/libpthread-2.19.so
7f486d817000-7f486da16000 ---p 00018000 ca:01 311387                     /lib/x86_64-linux-gnu/libpthread-2.19.so
7f486da16000-7f486da17000 r--p 00017000 ca:01 311387                     /lib/x86_64-linux-gnu/libpthread-2.19.so
7f486da17000-7f486da18000 rw-p 00018000 ca:01 311387                     /lib/x86_64-linux-gnu/libpthread-2.19.so
7f486da18000-7f486da1c000 rw-p 00000000 00:00 0 
7f486da1c000-7f486da32000 r-xp 00000000 ca:01 311310                     /lib/x86_64-linux-gnu/libgcc_s.so.1
7f486da32000-7f486dc31000 ---p 00016000 ca:01 311310                     /lib/x86_64-linux-gnu/libgcc_s.so.1
7f486dc31000-7f486dc32000 rw-p 00015000 ca:01 311310                     /lib/x86_64-linux-gnu/libgcc_s.so.1
7f486dc32000-7f486dd32000 r-xp 00000000 ca:01 311399                     /lib/x86_64-linux-gnu/libm-2.19.so
7f486dd32000-7f486df31000 ---p 00100000 ca:01 311399                     /lib/x86_64-linux-gnu/libm-2.19.so
7f486df31000-7f486df32000 r--p 000ff000 ca:01 311399                     /lib/x86_64-linux-gnu/libm-2.19.so
7f486df32000-7f486df33000 rw-p 00100000 ca:01 311399                     /lib/x86_64-linux-gnu/libm-2.19.so
7f486df33000-7f486e01f000 r-xp 00000000 ca:01 65561                      /usr/lib/x86_64-linux-gnu/libstdc++.so.6.0.20
7f486e01f000-7f486e21f000 ---p 000ec000 ca:01 65561                      /usr/lib/x86_64-linux-gnu/libstdc++.so.6.0.20
7f486e21f000-7f486e227000 r--p 000ec000 ca:01 65561                      /usr/lib/x86_64-linux-gnu/libstdc++.so.6.0.20
7f486e227000-7f486e229000 rw-p 000f4000 ca:01 65561                      /usr/lib/x86_64-linux-gnu/libstdc++.so.6.0.20
7f486e229000-7f486e23e000 rw-p 00000000 00:00 0 
7f486e23e000-7f486e241000 r-xp 00000000 ca:01 311370                     /lib/x86_64-linux-gnu/libdl-2.19.so
7f486e241000-7f486e440000 ---p 00003000 ca:01 311370                     /lib/x86_64-linux-gnu/libdl-2.19.so
7f486e440000-7f486e441000 r--p 00002000 ca:01 311370                     /lib/x86_64-linux-gnu/libdl-2.19.so
7f486e441000-7f486e442000 rw-p 00003000 ca:01 311370                     /lib/x86_64-linux-gnu/libdl-2.19.so
7f486e442000-7f486e449000 r-xp 00000000 ca:01 311388                     /lib/x86_64-linux-gnu/librt-2.19.so
7f486e449000-7f486e648000 ---p 00007000 ca:01 311388                     /lib/x86_64-linux-gnu/librt-2.19.so
7f486e648000-7f486e649000 r--p 00006000 ca:01 311388                     /lib/x86_64-linux-gnu/librt-2.19.so
7f486e649000-7f486e64a000 rw-p 00007000 ca:01 311388                     /lib/x86_64-linux-gnu/librt-2.19.so
7f486e64a000-7f486e66a000 r-xp 00000000 ca:01 311352                     /lib/x86_64-linux-gnu/ld-2.19.so
7f486e6b3000-7f486e6b4000 ---p 00000000 00:00 0 
7f486e6b4000-7f486e7b7000 rw-p 00000000 00:00 0                          [stack:25128]
7f486e7b7000-7f486e7df000 ---p 00000000 00:00 0 
7f486e7df000-7f486e7e1000 rw-p 00000000 00:00 0 
7f486e7e1000-7f486e7f4000 ---p 00000000 00:00 0 
7f486e7f4000-7f486e7f7000 rw-p 00000000 00:00 0 
7f486e7f7000-7f486e81e000 ---p 00000000 00:00 0 
7f486e81e000-7f486e81f000 rw-p 00000000 00:00 0 
7f486e81f000-7f486e827000 rw-s 00000000 ca:01 90162                      /tmp/hsperfdata_kyriosli/25123
7f486e827000-7f486e85c000 r--s 00000000 ca:01 1032364                    /var/cache/nscd/passwd
7f486e85c000-7f486e862000 rw-p 00000000 00:00 0 
7f486e866000-7f486e867000 rw-p 00000000 00:00 0 
7f486e867000-7f486e868000 r--p 00000000 00:00 0 
7f486e868000-7f486e86a000 rw-p 00000000 00:00 0 
7f486e86a000-7f486e86b000 r--p 00020000 ca:01 311352                     /lib/x86_64-linux-gnu/ld-2.19.so
7f486e86b000-7f486e86c000 rw-p 00021000 ca:01 311352                     /lib/x86_64-linux-gnu/ld-2.19.so
7f486e86c000-7f486e86d000 rw-p 00000000 00:00 0 
7fffce672000-7fffce675000 ---p 00000000 00:00 0 
7fffce676000-7fffce772000 rw-p 00000000 00:00 0                          [stack]
7fffce7c1000-7fffce7c3000 r-xp 00000000 00:00 0                          [vdso]
7fffce7c3000-7fffce7c5000 r--p 00000000 00:00 0                          [vvar]
ffffffffff600000-ffffffffff601000 r-xp 00000000 00:00 0                  [vsyscall]

VM Arguments:
java_command: <unknown>
java_class_path (initial): <not set>
Launcher Type: generic

Environment Variables:
JAVA_HOME=/usr/share/java/default-jdk
PATH=/usr/local/bin:/usr/bin:/bin:/usr/local/games:/usr/games:/usr/share/java/default-jdk/bin
SHELL=/bin/bash

Signal Handlers:
SIGSEGV: [libjvm.so+0xa79a80], sa_mask[0]=11111111011111111101111111111110, sa_flags=SA_RESTART|SA_SIGINFO
SIGBUS: [libjvm.so+0xa79a80], sa_mask[0]=11111111011111111101111111111110, sa_flags=SA_RESTART|SA_SIGINFO
SIGFPE: [libjvm.so+0x8e24e0], sa_mask[0]=11111111011111111101111111111110, sa_flags=SA_RESTART|SA_SIGINFO
SIGPIPE: [libjvm.so+0x8e24e0], sa_mask[0]=11111111011111111101111111111110, sa_flags=SA_RESTART|SA_SIGINFO
SIGXFSZ: [libjvm.so+0x8e24e0], sa_mask[0]=11111111011111111101111111111110, sa_flags=SA_RESTART|SA_SIGINFO
SIGILL: [libjvm.so+0x8e24e0], sa_mask[0]=11111111011111111101111111111110, sa_flags=SA_RESTART|SA_SIGINFO
SIGUSR1: [+0x87b580], sa_mask[0]=11111111011111111101111111111110, sa_flags=none
SIGUSR2: [libjvm.so+0x8e3d10], sa_mask[0]=00000000000000000000000000000000, sa_flags=SA_RESTART|SA_SIGINFO
SIGHUP: [libjvm.so+0x8e50d0], sa_mask[0]=11111111011111111101111111111110, sa_flags=SA_RESTART|SA_SIGINFO
SIGINT: [libjvm.so+0x8e50d0], sa_mask[0]=11111111011111111101111111111110, sa_flags=SA_RESTART|SA_SIGINFO
SIGTERM: [libjvm.so+0x8e50d0], sa_mask[0]=11111111011111111101111111111110, sa_flags=SA_RESTART|SA_SIGINFO
SIGQUIT: [libjvm.so+0x8e50d0], sa_mask[0]=11111111011111111101111111111110, sa_flags=SA_RESTART|SA_SIGINFO


---------------  S Y S T E M  ---------------

OS:PRETTY_NAME="Debian GNU/Linux 8 (jessie)"
NAME="Debian GNU/Linux"
VERSION_ID="8"
VERSION="8 (jessie)"
ID=debian
HOME_URL="http://www.debian.org/"
SUPPORT_URL="http://www.debian.org/support/"
BUG_REPORT_URL="https://bugs.debian.org/"

uname:Linux 3.16.0-4-amd64 #1 SMP Debian 3.16.7-ckt4-3 (2015-02-03) x86_64
libc:glibc 2.19 NPTL 2.19 
rlimit: STACK 8192k, CORE 0k, NPROC 1908, NOFILE 4096, AS infinity
load average:0.00 0.01 0.05

/proc/meminfo:
MemTotal:         504860 kB
MemFree:           17600 kB
MemAvailable:     359632 kB
Buffers:          143360 kB
Cached:           184504 kB
SwapCached:            0 kB
Active:           343968 kB
Inactive:          79148 kB
Active(anon):      95332 kB
Inactive(anon):     8892 kB
Active(file):     248636 kB
Inactive(file):    70256 kB
Unevictable:           0 kB
Mlocked:               0 kB
SwapTotal:             0 kB
SwapFree:              0 kB
Dirty:               112 kB
Writeback:             0 kB
AnonPages:         95296 kB
Mapped:            81180 kB
Shmem:              8932 kB
Slab:              44420 kB
SReclaimable:      33736 kB
SUnreclaim:        10684 kB
KernelStack:        2528 kB
PageTables:         5060 kB
NFS_Unstable:          0 kB
Bounce:                0 kB
WritebackTmp:          0 kB
CommitLimit:      252428 kB
Committed_AS:     849820 kB
VmallocTotal:   34359738367 kB
VmallocUsed:        3624 kB
VmallocChunk:   34359733259 kB
HardwareCorrupted:     0 kB
AnonHugePages:         0 kB
HugePages_Total:       0
HugePages_Free:        0
HugePages_Rsvd:        0
HugePages_Surp:        0
Hugepagesize:       2048 kB
DirectMap4k:       51200 kB
DirectMap2M:      604160 kB


CPU:total 1 (32 cores per cpu, 2 threads per core) family 6 model 45 stepping 7, cmov, cx8, fxsr, mmx, sse, sse2, sse3, ssse3, sse4.1, sse4.2, popcnt, aes, ht, tsc

/proc/cpuinfo:
processor	: 0
vendor_id	: GenuineIntel
cpu family	: 6
model		: 45
model name	: Intel(R) Xeon(R) CPU E5-2630 0 @ 2.30GHz
stepping	: 7
microcode	: 0x70d
cpu MHz		: 2300.090
cache size	: 15360 KB
physical id	: 0
siblings	: 1
core id		: 0
cpu cores	: 1
apicid		: 0
initial apicid	: 0
fpu		: yes
fpu_exception	: yes
cpuid level	: 13
wp		: yes
flags		: fpu vme de pse tsc msr pae mce cx8 apic sep mtrr pge mca cmov pat clflush mmx fxsr sse sse2 ht syscall nx rdtscp lm constant_tsc rep_good nopl pni ssse3 cx16 sse4_1 sse4_2 popcnt aes hypervisor lahf_lm
bogomips	: 4600.18
clflush size	: 64
cache_alignment	: 64
address sizes	: 46 bits physical, 48 bits virtual
power management:



Memory: 4k page, physical 504860k(17600k free), swap 0k(0k free)

vm_info: Java HotSpot(TM) 64-Bit Server VM (25.25-b02) for linux-amd64 JRE (1.8.0_25-b17), built on Sep 17 2014 17:32:11 by "java_re" with gcc 4.3.0 20080428 (Red Hat 4.3.0-8)

time: Tue Mar 10 19:41:51 2015
elapsed time: 0 seconds (0d 0h 0m 0s)

